(ARCTools Version 2.1.2)
 HexLoc     DecLoc    MachWord   Label        Instruction                Comment
                                              .org 2048                  
00000800  0000002048            one:                                     ! Check zero flag (be)
00000804  0000002052  80902000                orcc %r0, 0, %r0           
00000808  0000002056  02800002                be 2                       
0000080c  0000002060  ffffffff                halt                       
00000810  0000002064            two:                                     ! Check zero flag (bne)
00000814  0000002068  80902001                orcc %r0, 1, %r0           
00000818  0000002072  12800002                bne 2                      
0000081c  0000002076  ffffffff                halt                       
00000820  0000002080            three:                                   ! Check negative flag (bneg)
00000824  0000002084  80903fff                orcc %r0, -1, %r0          
00000828  0000002088  0c800002                bneg 2                     
0000082c  0000002092  ffffffff                halt                       
00000830  0000002096            four:                                    ! Check positive flag (bpos)
00000834  0000002100  80902001                orcc %r0, 1, %r0           
00000838  0000002104  1c800002                bpos 2                     
0000083c  0000002108  ffffffff                halt                       
00000840  0000002112            five:                                    ! Check overflow flag (bvs)
00000844  0000002116  82103fff                or %r0, -1, %r1            
00000848  0000002120  83306001                srl %r1, 1, %r1            
0000084c  0000002124  80804001                addcc %r1, %r1, %r0        
00000850  0000002128  82102000                or %r0, 0, %r1             
00000854  0000002132  0e800002                bvs 2                      
00000858  0000002136  ffffffff                halt                       
0000085c  0000002140            six:                                     ! Check carry flag (bcs)
00000860  0000002144  82103fff                or %r0, -1, %r1            
00000864  0000002148  80806002                addcc %r1, 2, %r0          
00000868  0000002152  0a800002                bcs 2                      
0000086c  0000002156  ffffffff                halt                       
00000870  0000002160            pass:                                    
00000874  0000002164  ffffffff                halt                       

--- Symbol Table ---
five: 2112
six: 2140
two: 2064
one: 2048
pass: 2160
three: 2080
four: 2096
