(ARCTools Version 2.1.2)
 HexLoc     DecLoc    MachWord   Label        Instruction                Comment
                                              .org 2048                  
00000800  0000002048  033fffc0                sethi 4194240, %r1         ! set r1 to the IO offset
                                                                         
                                              .equ 0xF1                  
                                              .equ 0xF2                  
                                              .equ 0xF4                  
                                              .equ 0xF8                  
                                                                         
                                              .equ 320                   
                                              .equ 240                   
                                              .equ 104                   ! In pixels
                                              .equ 51                    ! In pixels
                                                                         
00000804  0000002052            init:                                    
00000808  0000002056  c8002870                ld [2160], %r4             ! %r4 = the color (white)
0000080c  0000002060  84102000                or %r0, 0, %r2             ! %r2 = the x coord
00000810  0000002064  86102000                or %r0, 0, %r3             ! %r3 = the y coord
00000814  0000002068  92102000                or %r0, 0, %r9             ! %r9 = data offset
                                                                         
00000818  0000002072  98102000                or %r0, 0, %r12            ! %r12 = the x offset
0000081c  0000002076  9a102000                or %r0, 0, %r13            ! %r13 = the y offset
00000820  0000002080            nexty:                                   
00000824  0000002084  80a0e033                subcc %r3, 51, %r0         
00000828  0000002088  0280000f                be 15                      
                                                                         
0000082c  0000002092  8600e001                add %r3, 1, %r3            
00000830  0000002096  84102000                or %r0, 0, %r2             
00000834  0000002100            loop:                                    
00000838  0000002104  80a0a068                subcc %r2, 104, %r0        
0000083c  0000002108  02bffff9                be -7                      
                                                                         
00000840  0000002112  cc4a6884                ldsb %r9, [2180], %r6      
                                                                         
00000844  0000002116  9800a064                add %r2, 100, %r12         
00000848  0000002120  9a00e05a                add %r3, 90, %r13          
0000084c  0000002124  d82060f4                st %r12, %r1, [244]        
00000850  0000002128  da2060f8                st %r13, %r1, [248]        
00000854  0000002132  cc2860f1                stb %r6, %r1, [241]        
00000858  0000002136  8400a001                add %r2, 1, %r2            
0000085c  0000002140  92026001                add %r9, 1, %r9            ! Increase data offset
                                                                         
00000860  0000002144  10bffff5                ba -11                     
00000864  0000002148            done:                                    
00000868  0000002152  cc2060f2                st %r6, %r1, [242]         
0000086c  0000002156  ffffffff                halt                       
00000870  0000002160  ffffffff  white:                                   
00000874  0000002164  ff000000  one:                                     
00000878  0000002168  00ff0000  two:                                     
0000087c  0000002172  0000ff00  three:                                   
00000880  0000002176  000000ff  four:                                    
00000884  0000002180  00000000  logo:                                    
00000888  0000002184  00000000
0000088c  0000002188  00000000
00000890  0000002192  0000ffff
00000894  0000002196  ffffffff
00000898  0000002200  ffffff00
0000089c  0000002204  00000000
000008a0  0000002208  00000000
000008a4  0000002212  00000000
000008a8  0000002216  000000ff
000008ac  0000002220  ffffffff
000008b0  0000002224  ffffffff
000008b4  0000002228  ffffffff
000008b8  0000002232  ffffffff
000008bc  0000002236  ffff0000
000008c0  0000002240  00000000
000008c4  0000002244  00000000
000008c8  0000002248  00000000
000008cc  0000002252  00000000
000008d0  0000002256  00000000
000008d4  0000002260  00000000
000008d8  0000002264  ffffffff
000008dc  0000002268  ffffffff
000008e0  0000002272  ff000000
000008e4  0000002276  00000000
000008e8  0000002280  00000000
000008ec  0000002284  00000000                                           
000008f0  0000002288  00000000
000008f4  0000002292  00000000
000008f8  0000002296  00ffffff
000008fc  0000002300  ffffffff
00000900  0000002304  ffffffff
00000904  0000002308  00000000
00000908  0000002312  00000000
0000090c  0000002316  00000000
00000910  0000002320  000000ff
00000914  0000002324  ffffffff
00000918  0000002328  ffffffff
0000091c  0000002332  ffffffff
00000920  0000002336  ffffffff
00000924  0000002340  ffffffff
00000928  0000002344  00000000
0000092c  0000002348  00000000
00000930  0000002352  00000000
00000934  0000002356  00000000
00000938  0000002360  00000000
0000093c  0000002364  00ffffff
00000940  0000002368  ffffffff
00000944  0000002372  ffffffff
00000948  0000002376  ffffffff
0000094c  0000002380  00000000
00000950  0000002384  00000000
00000954  0000002388  00000000                                           
00000958  0000002392  00000000
0000095c  0000002396  00000000
00000960  0000002400  00ffffff
00000964  0000002404  ffffffff
00000968  0000002408  ffffffff
0000096c  0000002412  00000000
00000970  0000002416  00000000
00000974  0000002420  00000000
00000978  0000002424  000000ff
0000097c  0000002428  ffffffff
00000980  0000002432  ffffffff
00000984  0000002436  ffffffff
00000988  0000002440  ffffffff
0000098c  0000002444  ffffffff
00000990  0000002448  ffff0000
00000994  0000002452  00000000
00000998  0000002456  00000000
0000099c  0000002460  00000000
000009a0  0000002464  000000ff
000009a4  0000002468  ffffffff
000009a8  0000002472  ffffffff
000009ac  0000002476  ffffffff
000009b0  0000002480  ffffffff
000009b4  0000002484  ff000000
000009b8  0000002488  00000000
000009bc  0000002492  00000000                                           
000009c0  0000002496  00000000
000009c4  0000002500  00000000
000009c8  0000002504  00ffffff
000009cc  0000002508  ffffffff
000009d0  0000002512  ffffffff
000009d4  0000002516  00000000
000009d8  0000002520  00000000
000009dc  0000002524  00000000
000009e0  0000002528  000000ff
000009e4  0000002532  ffffffff
000009e8  0000002536  ffffffff
000009ec  0000002540  ffffffff
000009f0  0000002544  ffffffff
000009f4  0000002548  ffffffff
000009f8  0000002552  ffffff00
000009fc  0000002556  00000000
00000a00  0000002560  00000000
00000a04  0000002564  00000000
00000a08  0000002568  0000ffff
00000a0c  0000002572  ffffffff
00000a10  0000002576  ffffffff
00000a14  0000002580  ffffffff
00000a18  0000002584  ffffffff
00000a1c  0000002588  ffffff00
00000a20  0000002592  00000000
00000a24  0000002596  00000000                                           
00000a28  0000002600  00000000
00000a2c  0000002604  00000000
00000a30  0000002608  00ffffff
00000a34  0000002612  ffffffff
00000a38  0000002616  ffffffff
00000a3c  0000002620  00000000
00000a40  0000002624  00000000
00000a44  0000002628  00000000
00000a48  0000002632  000000ff
00000a4c  0000002636  ffffffff
00000a50  0000002640  ffffffff
00000a54  0000002644  ffffffff
00000a58  0000002648  ffffffff
00000a5c  0000002652  ffffffff
00000a60  0000002656  ffffffff
00000a64  0000002660  00000000
00000a68  0000002664  00000000
00000a6c  0000002668  00000000
00000a70  0000002672  00ffffff
00000a74  0000002676  ffffffff
00000a78  0000002680  ffffffff
00000a7c  0000002684  ffffffff
00000a80  0000002688  ffffffff
00000a84  0000002692  ffffffff
00000a88  0000002696  00000000
00000a8c  0000002700  00000000                                           
00000a90  0000002704  00000000
00000a94  0000002708  00000000
00000a98  0000002712  ffffffff
00000a9c  0000002716  ffffffff
00000aa0  0000002720  ffffffff
00000aa4  0000002724  ff000000
00000aa8  0000002728  00000000
00000aac  0000002732  00000000
00000ab0  0000002736  000000ff
00000ab4  0000002740  ffffffff
00000ab8  0000002744  ffffffff
00000abc  0000002748  ffffffff
00000ac0  0000002752  ffffffff
00000ac4  0000002756  ffffffff
00000ac8  0000002760  ffffffff
00000acc  0000002764  ff000000
00000ad0  0000002768  00000000
00000ad4  0000002772  00000000
00000ad8  0000002776  ffffffff
00000adc  0000002780  ffffffff
00000ae0  0000002784  ffffffff
00000ae4  0000002788  ffffffff
00000ae8  0000002792  ffffffff
00000aec  0000002796  ffffffff
00000af0  0000002800  ff000000
00000af4  0000002804  00000000                                           
00000af8  0000002808  00000000
00000afc  0000002812  00000000
00000b00  0000002816  ffffffff
00000b04  0000002820  ffffffff
00000b08  0000002824  ffffffff
00000b0c  0000002828  ff000000
00000b10  0000002832  00000000
00000b14  0000002836  00000000
00000b18  0000002840  000000ff
00000b1c  0000002844  ffffffff
00000b20  0000002848  ffffffff
00000b24  0000002852  ffffffff
00000b28  0000002856  ffffffff
00000b2c  0000002860  ffffffff
00000b30  0000002864  ffffffff
00000b34  0000002868  ff000000
00000b38  0000002872  00000000
00000b3c  0000002876  000000ff
00000b40  0000002880  ffffffff
00000b44  0000002884  ffffffff
00000b48  0000002888  ffffffff
00000b4c  0000002892  ffffffff
00000b50  0000002896  ffffffff
00000b54  0000002900  ffffffff
00000b58  0000002904  ff000000
00000b5c  0000002908  00000000                                           
00000b60  0000002912  00000000
00000b64  0000002916  00000000
00000b68  0000002920  ffffffff
00000b6c  0000002924  ffffffff
00000b70  0000002928  ffffffff
00000b74  0000002932  ff000000
00000b78  0000002936  00000000
00000b7c  0000002940  00000000
00000b80  0000002944  000000ff
00000b84  0000002948  ffffffff
00000b88  0000002952  ffffffff
00000b8c  0000002956  ffffffff
00000b90  0000002960  ffffffff
00000b94  0000002964  ffffffff
00000b98  0000002968  ffffffff
00000b9c  0000002972  ffff0000
00000ba0  0000002976  00000000
00000ba4  0000002980  0000ffff
00000ba8  0000002984  ffffffff
00000bac  0000002988  ffffffff
00000bb0  0000002992  ffffffff
00000bb4  0000002996  ffffffff
00000bb8  0000003000  ffffffff
00000bbc  0000003004  ffffffff
00000bc0  0000003008  ffff0000
00000bc4  0000003012  00000000                                           
00000bc8  0000003016  00000000
00000bcc  0000003020  000000ff
00000bd0  0000003024  ffffffff
00000bd4  0000003028  ffffffff
00000bd8  0000003032  ffffffff
00000bdc  0000003036  ffff0000
00000be0  0000003040  00000000
00000be4  0000003044  00000000
00000be8  0000003048  000000ff
00000bec  0000003052  ffffffff
00000bf0  0000003056  ffffffff
00000bf4  0000003060  ffffffff
00000bf8  0000003064  ffffffff
00000bfc  0000003068  ffffffff
00000c00  0000003072  ffffffff
00000c04  0000003076  ffff0000
00000c08  0000003080  00000000
00000c0c  0000003084  00ffffff
00000c10  0000003088  ffffffff
00000c14  0000003092  ffffffff
00000c18  0000003096  ffffffff
00000c1c  0000003100  ffffffff
00000c20  0000003104  ffffffff
00000c24  0000003108  ffffffff
00000c28  0000003112  ffffff00
00000c2c  0000003116  00000000                                           
00000c30  0000003120  00000000
00000c34  0000003124  000000ff
00000c38  0000003128  ffffffff
00000c3c  0000003132  ffffffff
00000c40  0000003136  ffffffff
00000c44  0000003140  ffff0000
00000c48  0000003144  00000000
00000c4c  0000003148  00000000
00000c50  0000003152  000000ff
00000c54  0000003156  ffffffff
00000c58  0000003160  ffffffff
00000c5c  0000003164  ffffffff
00000c60  0000003168  ffffffff
00000c64  0000003172  ffffffff
00000c68  0000003176  ffffffff
00000c6c  0000003180  ffff0000
00000c70  0000003184  00000000
00000c74  0000003188  00ffffff
00000c78  0000003192  ffffffff
00000c7c  0000003196  ffffffff
00000c80  0000003200  ffffffff
00000c84  0000003204  ffffffff
00000c88  0000003208  ffffffff
00000c8c  0000003212  ffffffff
00000c90  0000003216  ffffff00
00000c94  0000003220  00000000                                           
00000c98  0000003224  00000000
00000c9c  0000003228  000000ff
00000ca0  0000003232  ffffffff
00000ca4  0000003236  ffffffff
00000ca8  0000003240  ffffffff
00000cac  0000003244  ffff0000
00000cb0  0000003248  00000000
00000cb4  0000003252  00000000
00000cb8  0000003256  000000ff
00000cbc  0000003260  ffffffff
00000cc0  0000003264  ffffffff
00000cc4  0000003268  ffffffff
00000cc8  0000003272  ffffffff
00000ccc  0000003276  ffffffff
00000cd0  0000003280  ffffffff
00000cd4  0000003284  ffff0000
00000cd8  0000003288  00000000
00000cdc  0000003292  00ffffff
00000ce0  0000003296  ffffffff
00000ce4  0000003300  ffffffff
00000ce8  0000003304  ffff0000
00000cec  0000003308  0000ffff
00000cf0  0000003312  ffffffff
00000cf4  0000003316  ffffffff
00000cf8  0000003320  ffffffff
00000cfc  0000003324  00000000                                           
00000d00  0000003328  00000000
00000d04  0000003332  0000ffff
00000d08  0000003336  ffffffff
00000d0c  0000003340  ffffffff
00000d10  0000003344  ffffffff
00000d14  0000003348  ffffff00
00000d18  0000003352  00000000
00000d1c  0000003356  00000000
00000d20  0000003360  000000ff
00000d24  0000003364  ffffffff
00000d28  0000003368  ffffffff
00000d2c  0000003372  ffffffff
00000d30  0000003376  ffffffff
00000d34  0000003380  ffffffff
00000d38  0000003384  ffffffff
00000d3c  0000003388  ffffff00
00000d40  0000003392  00000000
00000d44  0000003396  ffffffff
00000d48  0000003400  ffffffff
00000d4c  0000003404  ffffffff
00000d50  0000003408  00000000
00000d54  0000003412  00000000
00000d58  0000003416  ffffffff
00000d5c  0000003420  ffffffff
00000d60  0000003424  ffffffff
00000d64  0000003428  00000000                                           
00000d68  0000003432  00000000
00000d6c  0000003436  0000ffff
00000d70  0000003440  ffffffff
00000d74  0000003444  ffffffff
00000d78  0000003448  ffffffff
00000d7c  0000003452  ffffff00
00000d80  0000003456  00000000
00000d84  0000003460  00000000
00000d88  0000003464  000000ff
00000d8c  0000003468  ffffffff
00000d90  0000003472  ffffffff
00000d94  0000003476  ffffffff
00000d98  0000003480  ffffffff
00000d9c  0000003484  ffffffff
00000da0  0000003488  ffffffff
00000da4  0000003492  ffffff00
00000da8  0000003496  00000000
00000dac  0000003500  ffffffff
00000db0  0000003504  ffffffff
00000db4  0000003508  ffffff00
00000db8  0000003512  00000000
00000dbc  0000003516  00000000
00000dc0  0000003520  00ffffff
00000dc4  0000003524  ffffffff
00000dc8  0000003528  ffff0000
00000dcc  0000003532  00000000                                           
00000dd0  0000003536  00000000
00000dd4  0000003540  0000ffff
00000dd8  0000003544  ffffffff
00000ddc  0000003548  ffffffff
00000de0  0000003552  ffffffff
00000de4  0000003556  ffffff00
00000de8  0000003560  00000000
00000dec  0000003564  00000000
00000df0  0000003568  000000ff
00000df4  0000003572  ffffffff
00000df8  0000003576  ffffffff
00000dfc  0000003580  ffffffff
00000e00  0000003584  ffffffff
00000e04  0000003588  ffffffff
00000e08  0000003592  ffffffff
00000e0c  0000003596  ffffff00
00000e10  0000003600  00000000
00000e14  0000003604  ffffffff
00000e18  0000003608  ffffffff
00000e1c  0000003612  ffffff00
00000e20  0000003616  00000000
00000e24  0000003620  00000000
00000e28  0000003624  0000ffff
00000e2c  0000003628  ffffffff
00000e30  0000003632  00000000
00000e34  0000003636  00000000                                           
00000e38  0000003640  00000000
00000e3c  0000003644  00ffffff
00000e40  0000003648  ffffffff
00000e44  0000003652  ffffffff
00000e48  0000003656  ffffffff
00000e4c  0000003660  ffffffff
00000e50  0000003664  00000000
00000e54  0000003668  00000000
00000e58  0000003672  000000ff
00000e5c  0000003676  ffffffff
00000e60  0000003680  ffffffff
00000e64  0000003684  ffffffff
00000e68  0000003688  ffffffff
00000e6c  0000003692  ffffffff
00000e70  0000003696  ffffffff
00000e74  0000003700  ffffff00
00000e78  0000003704  000000ff
00000e7c  0000003708  ffffffff
00000e80  0000003712  ffffffff
00000e84  0000003716  ffff0000
00000e88  0000003720  00000000
00000e8c  0000003724  00000000
00000e90  0000003728  0000ffff
00000e94  0000003732  ffffff00
00000e98  0000003736  00000000
00000e9c  0000003740  00000000                                           
00000ea0  0000003744  00000000
00000ea4  0000003748  00ffffff
00000ea8  0000003752  ffffffff
00000eac  0000003756  ffffffff
00000eb0  0000003760  ffffffff
00000eb4  0000003764  ffffffff
00000eb8  0000003768  00000000
00000ebc  0000003772  00000000
00000ec0  0000003776  000000ff
00000ec4  0000003780  ffffffff
00000ec8  0000003784  ffffffff
00000ecc  0000003788  ffffffff
00000ed0  0000003792  ffffffff
00000ed4  0000003796  ffffffff
00000ed8  0000003800  ffffffff
00000edc  0000003804  ffffff00
00000ee0  0000003808  000000ff
00000ee4  0000003812  ffffffff
00000ee8  0000003816  ffffffff
00000eec  0000003820  ffff0000
00000ef0  0000003824  00000000
00000ef4  0000003828  00000000
00000ef8  0000003832  000000ff
00000efc  0000003836  ff000000
00000f00  0000003840  00000000
00000f04  0000003844  00000000                                           
00000f08  0000003848  00000000
00000f0c  0000003852  00ffffff
00000f10  0000003856  ffffffff
00000f14  0000003860  ffffffff
00000f18  0000003864  ffffffff
00000f1c  0000003868  ffffffff
00000f20  0000003872  00000000
00000f24  0000003876  00000000
00000f28  0000003880  000000ff
00000f2c  0000003884  ffffffff
00000f30  0000003888  ffffffff
00000f34  0000003892  ffffffff
00000f38  0000003896  ffffffff
00000f3c  0000003900  ffffffff
00000f40  0000003904  ffffffff
00000f44  0000003908  ffffff00
00000f48  0000003912  000000ff
00000f4c  0000003916  ffffffff
00000f50  0000003920  ffffffff
00000f54  0000003924  ffff0000
00000f58  0000003928  00000000
00000f5c  0000003932  00000000
00000f60  0000003936  00000000
00000f64  0000003940  00000000
00000f68  0000003944  00000000
00000f6c  0000003948  00000000                                           
00000f70  0000003952  00000000
00000f74  0000003956  ffffffff
00000f78  0000003960  ffffffff
00000f7c  0000003964  ffffffff
00000f80  0000003968  ffffffff
00000f84  0000003972  ffffffff
00000f88  0000003976  ff000000
00000f8c  0000003980  00000000
00000f90  0000003984  000000ff
00000f94  0000003988  ffffffff
00000f98  0000003992  ffffffff
00000f9c  0000003996  ffffffff
00000fa0  0000004000  ffffffff
00000fa4  0000004004  ffffffff
00000fa8  0000004008  ffffffff
00000fac  0000004012  ffff0000
00000fb0  0000004016  000000ff
00000fb4  0000004020  ffffffff
00000fb8  0000004024  ffffffff
00000fbc  0000004028  ff000000
00000fc0  0000004032  00000000
00000fc4  0000004036  00000000
00000fc8  0000004040  00000000
00000fcc  0000004044  00000000
00000fd0  0000004048  00000000
00000fd4  0000004052  00000000                                           
00000fd8  0000004056  00000000
00000fdc  0000004060  ffffffff
00000fe0  0000004064  ffffffff
00000fe4  0000004068  ffffffff
00000fe8  0000004072  ffffffff
00000fec  0000004076  ffffffff
00000ff0  0000004080  ff000000
00000ff4  0000004084  00000000
00000ff8  0000004088  000000ff
00000ffc  0000004092  ffffffff
00001000  0000004096  ffffffff
00001004  0000004100  ffffffff
00001008  0000004104  ffffffff
0000100c  0000004108  ffffffff
00001010  0000004112  ffffffff
00001014  0000004116  ffff0000
00001018  0000004120  000000ff
0000101c  0000004124  ffffffff
00001020  0000004128  ffffffff
00001024  0000004132  ff000000
00001028  0000004136  00000000
0000102c  0000004140  00000000
00001030  0000004144  00000000
00001034  0000004148  00000000
00001038  0000004152  00000000
0000103c  0000004156  00000000                                           
00001040  0000004160  00000000
00001044  0000004164  ffffffff
00001048  0000004168  ffffffff
0000104c  0000004172  ffffffff
00001050  0000004176  ffffffff
00001054  0000004180  ffffffff
00001058  0000004184  ff000000
0000105c  0000004188  00000000
00001060  0000004192  000000ff
00001064  0000004196  ffffffff
00001068  0000004200  ffffffff
0000106c  0000004204  ffffffff
00001070  0000004208  ffffffff
00001074  0000004212  ffffffff
00001078  0000004216  ffffffff
0000107c  0000004220  ffff0000
00001080  0000004224  000000ff
00001084  0000004228  ffffffff
00001088  0000004232  ffffffff
0000108c  0000004236  ff000000
00001090  0000004240  00000000
00001094  0000004244  00000000
00001098  0000004248  00000000
0000109c  0000004252  00000000
000010a0  0000004256  00000000
000010a4  0000004260  00000000                                           
000010a8  0000004264  00000000
000010ac  0000004268  ffffffff
000010b0  0000004272  ffffffff
000010b4  0000004276  ffffffff
000010b8  0000004280  ffffffff
000010bc  0000004284  ffffffff
000010c0  0000004288  ffff0000
000010c4  0000004292  00000000
000010c8  0000004296  000000ff
000010cc  0000004300  ffffffff
000010d0  0000004304  ffffffff
000010d4  0000004308  ffffffff
000010d8  0000004312  ffffffff
000010dc  0000004316  ffffffff
000010e0  0000004320  ffffffff
000010e4  0000004324  ff000000
000010e8  0000004328  000000ff
000010ec  0000004332  ffffffff
000010f0  0000004336  ffffffff
000010f4  0000004340  ff000000
000010f8  0000004344  00000000
000010fc  0000004348  00000000
00001100  0000004352  00000000
00001104  0000004356  00000000
00001108  0000004360  00000000
0000110c  0000004364  00000000                                           
00001110  0000004368  000000ff
00001114  0000004372  ffffffff
00001118  0000004376  ffffffff
0000111c  0000004380  ffffffff
00001120  0000004384  ffffffff
00001124  0000004388  ffffffff
00001128  0000004392  ffff0000
0000112c  0000004396  00000000
00001130  0000004400  000000ff
00001134  0000004404  ffffffff
00001138  0000004408  ffffffff
0000113c  0000004412  ffffffff
00001140  0000004416  ffffffff
00001144  0000004420  ffffffff
00001148  0000004424  ffffffff
0000114c  0000004428  ff000000
00001150  0000004432  000000ff
00001154  0000004436  ffffffff
00001158  0000004440  ffffffff
0000115c  0000004444  ff000000
00001160  0000004448  00000000
00001164  0000004452  00000000
00001168  0000004456  00000000
0000116c  0000004460  00000000
00001170  0000004464  00000000
00001174  0000004468  00000000                                           
00001178  0000004472  000000ff
0000117c  0000004476  ffffffff
00001180  0000004480  ffffffff
00001184  0000004484  ffffffff
00001188  0000004488  ffffffff
0000118c  0000004492  ffffffff
00001190  0000004496  ffff0000
00001194  0000004500  00000000
00001198  0000004504  000000ff
0000119c  0000004508  ffffffff
000011a0  0000004512  ffffffff
000011a4  0000004516  ffffffff
000011a8  0000004520  ffffffff
000011ac  0000004524  ffffffff
000011b0  0000004528  ffffffff
000011b4  0000004532  00000000
000011b8  0000004536  000000ff
000011bc  0000004540  ffffffff
000011c0  0000004544  ffffffff
000011c4  0000004548  ff000000
000011c8  0000004552  00000000
000011cc  0000004556  00000000
000011d0  0000004560  00000000
000011d4  0000004564  00000000
000011d8  0000004568  00000000
000011dc  0000004572  00000000                                           
000011e0  0000004576  000000ff
000011e4  0000004580  ffffffff
000011e8  0000004584  ffffffff
000011ec  0000004588  ffffffff
000011f0  0000004592  ffffffff
000011f4  0000004596  ffffffff
000011f8  0000004600  ffffff00
000011fc  0000004604  00000000
00001200  0000004608  000000ff
00001204  0000004612  ffffffff
00001208  0000004616  ffffffff
0000120c  0000004620  ffffffff
00001210  0000004624  ffffffff
00001214  0000004628  ffffffff
00001218  0000004632  ffffffff
0000121c  0000004636  00000000
00001220  0000004640  000000ff
00001224  0000004644  ffffffff
00001228  0000004648  ffffffff
0000122c  0000004652  ff000000
00001230  0000004656  00000000
00001234  0000004660  00000000
00001238  0000004664  00000000
0000123c  0000004668  00000000
00001240  0000004672  00000000
00001244  0000004676  00000000                                           
00001248  0000004680  0000ffff
0000124c  0000004684  ffffffff
00001250  0000004688  ffffffff
00001254  0000004692  ffffffff
00001258  0000004696  ffffffff
0000125c  0000004700  ffffffff
00001260  0000004704  ffffff00
00001264  0000004708  00000000
00001268  0000004712  000000ff
0000126c  0000004716  ffffffff
00001270  0000004720  ffffffff
00001274  0000004724  ffffffff
00001278  0000004728  ffffffff
0000127c  0000004732  ffffffff
00001280  0000004736  ffffff00
00001284  0000004740  00000000
00001288  0000004744  000000ff
0000128c  0000004748  ffffffff
00001290  0000004752  ffffffff
00001294  0000004756  ff000000
00001298  0000004760  00000000
0000129c  0000004764  00000000
000012a0  0000004768  00000000
000012a4  0000004772  00000000
000012a8  0000004776  00000000
000012ac  0000004780  00000000                                           
000012b0  0000004784  0000ffff
000012b4  0000004788  ffffffff
000012b8  0000004792  ffffffff
000012bc  0000004796  ffffffff
000012c0  0000004800  ffffffff
000012c4  0000004804  ffffffff
000012c8  0000004808  ffffff00
000012cc  0000004812  00000000
000012d0  0000004816  000000ff
000012d4  0000004820  ffffffff
000012d8  0000004824  ffffffff
000012dc  0000004828  ffffffff
000012e0  0000004832  ffffffff
000012e4  0000004836  ffffffff
000012e8  0000004840  ffff0000
000012ec  0000004844  00000000
000012f0  0000004848  000000ff
000012f4  0000004852  ffffffff
000012f8  0000004856  ffffffff
000012fc  0000004860  ff000000
00001300  0000004864  00000000
00001304  0000004868  00000000
00001308  0000004872  00000000
0000130c  0000004876  00000000
00001310  0000004880  00000000
00001314  0000004884  00000000                                           
00001318  0000004888  0000ffff
0000131c  0000004892  ffffffff
00001320  0000004896  ffffffff
00001324  0000004900  ffff00ff
00001328  0000004904  ffffffff
0000132c  0000004908  ffffffff
00001330  0000004912  ffffffff
00001334  0000004916  00000000
00001338  0000004920  000000ff
0000133c  0000004924  ffffffff
00001340  0000004928  ffffffff
00001344  0000004932  ffffffff
00001348  0000004936  ffffffff
0000134c  0000004940  ffffffff
00001350  0000004944  00000000
00001354  0000004948  00000000
00001358  0000004952  000000ff
0000135c  0000004956  ffffffff
00001360  0000004960  ffffffff
00001364  0000004964  ff000000
00001368  0000004968  00000000
0000136c  0000004972  00000000
00001370  0000004976  00000000
00001374  0000004980  00000000
00001378  0000004984  00000000
0000137c  0000004988  00000000                                           
00001380  0000004992  00ffffff
00001384  0000004996  ffffffff
00001388  0000005000  ffffffff
0000138c  0000005004  ffff0000
00001390  0000005008  ffffffff
00001394  0000005012  ffffffff
00001398  0000005016  ffffffff
0000139c  0000005020  00000000
000013a0  0000005024  000000ff
000013a4  0000005028  ffffffff
000013a8  0000005032  ffffffff
000013ac  0000005036  ffffffff
000013b0  0000005040  ffffffff
000013b4  0000005044  ffffff00
000013b8  0000005048  00000000
000013bc  0000005052  00000000
000013c0  0000005056  000000ff
000013c4  0000005060  ffffffff
000013c8  0000005064  ffffffff
000013cc  0000005068  ff000000
000013d0  0000005072  00000000
000013d4  0000005076  00000000
000013d8  0000005080  00000000
000013dc  0000005084  00000000
000013e0  0000005088  00000000
000013e4  0000005092  00000000                                           
000013e8  0000005096  00ffffff
000013ec  0000005100  ffffffff
000013f0  0000005104  ffffffff
000013f4  0000005108  ffff0000
000013f8  0000005112  ffffffff
000013fc  0000005116  ffffffff
00001400  0000005120  ffffffff
00001404  0000005124  00000000
00001408  0000005128  000000ff
0000140c  0000005132  ffffffff
00001410  0000005136  ffffffff
00001414  0000005140  ffffffff
00001418  0000005144  ffffffff
0000141c  0000005148  ffffff00
00001420  0000005152  00000000
00001424  0000005156  00000000
00001428  0000005160  000000ff
0000142c  0000005164  ffffffff
00001430  0000005168  ffffffff
00001434  0000005172  ffff0000
00001438  0000005176  00000000
0000143c  0000005180  00000000
00001440  0000005184  00000000
00001444  0000005188  00000000
00001448  0000005192  00000000
0000144c  0000005196  00000000                                           
00001450  0000005200  00ffffff
00001454  0000005204  ffffffff
00001458  0000005208  ffffffff
0000145c  0000005212  ff000000
00001460  0000005216  ffffffff
00001464  0000005220  ffffffff
00001468  0000005224  ffffffff
0000146c  0000005228  ff000000
00001470  0000005232  000000ff
00001474  0000005236  ffffffff
00001478  0000005240  ffffffff
0000147c  0000005244  ffffffff
00001480  0000005248  ffffffff
00001484  0000005252  ffffffff
00001488  0000005256  00000000
0000148c  0000005260  00000000
00001490  0000005264  000000ff
00001494  0000005268  ffffffff
00001498  0000005272  ffffffff
0000149c  0000005276  ffff0000
000014a0  0000005280  00000000
000014a4  0000005284  00000000
000014a8  0000005288  00000000
000014ac  0000005292  00000000
000014b0  0000005296  00000000
000014b4  0000005300  00000000                                           
000014b8  0000005304  ffffffff
000014bc  0000005308  ffffffff
000014c0  0000005312  ffffffff
000014c4  0000005316  ff000000
000014c8  0000005320  00ffffff
000014cc  0000005324  ffffffff
000014d0  0000005328  ffffffff
000014d4  0000005332  ff000000
000014d8  0000005336  000000ff
000014dc  0000005340  ffffffff
000014e0  0000005344  ffffffff
000014e4  0000005348  ffffffff
000014e8  0000005352  ffffffff
000014ec  0000005356  ffffffff
000014f0  0000005360  00000000
000014f4  0000005364  00000000
000014f8  0000005368  000000ff
000014fc  0000005372  ffffffff
00001500  0000005376  ffffffff
00001504  0000005380  ffff0000
00001508  0000005384  00000000
0000150c  0000005388  00000000
00001510  0000005392  000000ff
00001514  0000005396  00000000
00001518  0000005400  00000000
0000151c  0000005404  00000000                                           
00001520  0000005408  ffffffff
00001524  0000005412  ffffffff
00001528  0000005416  ffffffff
0000152c  0000005420  ff000000
00001530  0000005424  00ffffff
00001534  0000005428  ffffffff
00001538  0000005432  ffffffff
0000153c  0000005436  ff000000
00001540  0000005440  000000ff
00001544  0000005444  ffffffff
00001548  0000005448  ffffffff
0000154c  0000005452  ffffffff
00001550  0000005456  ffffffff
00001554  0000005460  ffffffff
00001558  0000005464  ff000000
0000155c  0000005468  00000000
00001560  0000005472  00000000
00001564  0000005476  ffffffff
00001568  0000005480  ffffffff
0000156c  0000005484  ffffff00
00001570  0000005488  00000000
00001574  0000005492  00000000
00001578  0000005496  0000ffff
0000157c  0000005500  ffff0000
00001580  0000005504  00000000
00001584  0000005508  00000000                                           
00001588  0000005512  ffffffff
0000158c  0000005516  ffffffff
00001590  0000005520  ffffffff
00001594  0000005524  00000000
00001598  0000005528  00ffffff
0000159c  0000005532  ffffffff
000015a0  0000005536  ffffffff
000015a4  0000005540  ffff0000
000015a8  0000005544  000000ff
000015ac  0000005548  ffffffff
000015b0  0000005552  ffffffff
000015b4  0000005556  ffff00ff
000015b8  0000005560  ffffffff
000015bc  0000005564  ffffffff
000015c0  0000005568  ff000000
000015c4  0000005572  00000000
000015c8  0000005576  00000000
000015cc  0000005580  ffffffff
000015d0  0000005584  ffffffff
000015d4  0000005588  ffffff00
000015d8  0000005592  00000000
000015dc  0000005596  00000000
000015e0  0000005600  0000ffff
000015e4  0000005604  ffffffff
000015e8  0000005608  00000000
000015ec  0000005612  00000000                                           
000015f0  0000005616  ffffffff
000015f4  0000005620  ffffffff
000015f8  0000005624  ffffffff
000015fc  0000005628  00000000
00001600  0000005632  0000ffff
00001604  0000005636  ffffffff
00001608  0000005640  ffffffff
0000160c  0000005644  ffff0000
00001610  0000005648  000000ff
00001614  0000005652  ffffffff
00001618  0000005656  ffffffff
0000161c  0000005660  ffff00ff
00001620  0000005664  ffffffff
00001624  0000005668  ffffffff
00001628  0000005672  ffff0000
0000162c  0000005676  00000000
00001630  0000005680  00000000
00001634  0000005684  ffffffff
00001638  0000005688  ffffffff
0000163c  0000005692  ffffffff
00001640  0000005696  00000000
00001644  0000005700  00000000
00001648  0000005704  00ffffff
0000164c  0000005708  ffffffff
00001650  0000005712  ff000000
00001654  0000005716  000000ff                                           
00001658  0000005720  ffffffff
0000165c  0000005724  ffffffff
00001660  0000005728  ffffffff
00001664  0000005732  00000000
00001668  0000005736  0000ffff
0000166c  0000005740  ffffffff
00001670  0000005744  ffffffff
00001674  0000005748  ffff0000
00001678  0000005752  000000ff
0000167c  0000005756  ffffffff
00001680  0000005760  ffffffff
00001684  0000005764  ffff0000
00001688  0000005768  ffffffff
0000168c  0000005772  ffffffff
00001690  0000005776  ffff0000
00001694  0000005780  00000000
00001698  0000005784  00000000
0000169c  0000005788  ffffffff
000016a0  0000005792  ffffffff
000016a4  0000005796  ffffffff
000016a8  0000005800  ffff0000
000016ac  0000005804  000000ff
000016b0  0000005808  ffffffff
000016b4  0000005812  ffffffff
000016b8  0000005816  ffffff00
000016bc  0000005820  000000ff                                           
000016c0  0000005824  ffffffff
000016c4  0000005828  ffffffff
000016c8  0000005832  ffffff00
000016cc  0000005836  00000000
000016d0  0000005840  0000ffff
000016d4  0000005844  ffffffff
000016d8  0000005848  ffffffff
000016dc  0000005852  ffffff00
000016e0  0000005856  000000ff
000016e4  0000005860  ffffffff
000016e8  0000005864  ffffffff
000016ec  0000005868  ffff0000
000016f0  0000005872  ffffffff
000016f4  0000005876  ffffffff
000016f8  0000005880  ffffff00
000016fc  0000005884  00000000
00001700  0000005888  00000000
00001704  0000005892  00ffffff
00001708  0000005896  ffffffff
0000170c  0000005900  ffffffff
00001710  0000005904  ffffffff
00001714  0000005908  ffffffff
00001718  0000005912  ffffffff
0000171c  0000005916  ffffffff
00001720  0000005920  ffffffff
00001724  0000005924  000000ff                                           
00001728  0000005928  ffffffff
0000172c  0000005932  ffffffff
00001730  0000005936  ffffff00
00001734  0000005940  00000000
00001738  0000005944  000000ff
0000173c  0000005948  ffffffff
00001740  0000005952  ffffffff
00001744  0000005956  ffffff00
00001748  0000005960  000000ff
0000174c  0000005964  ffffffff
00001750  0000005968  ffffffff
00001754  0000005972  ffff0000
00001758  0000005976  ffffffff
0000175c  0000005980  ffffffff
00001760  0000005984  ffffff00
00001764  0000005988  00000000
00001768  0000005992  00000000
0000176c  0000005996  00ffffff
00001770  0000006000  ffffffff
00001774  0000006004  ffffffff
00001778  0000006008  ffffffff
0000177c  0000006012  ffffffff
00001780  0000006016  ffffffff
00001784  0000006020  ffffffff
00001788  0000006024  ffffff00
0000178c  0000006028  0000ffff                                           
00001790  0000006032  ffffffff
00001794  0000006036  ffffffff
00001798  0000006040  ffffff00
0000179c  0000006044  00000000
000017a0  0000006048  000000ff
000017a4  0000006052  ffffffff
000017a8  0000006056  ffffffff
000017ac  0000006060  ffffff00
000017b0  0000006064  000000ff
000017b4  0000006068  ffffffff
000017b8  0000006072  ffffffff
000017bc  0000006076  ffff0000
000017c0  0000006080  00ffffff
000017c4  0000006084  ffffffff
000017c8  0000006088  ffffffff
000017cc  0000006092  00000000
000017d0  0000006096  00000000
000017d4  0000006100  0000ffff
000017d8  0000006104  ffffffff
000017dc  0000006108  ffffffff
000017e0  0000006112  ffffffff
000017e4  0000006116  ffffffff
000017e8  0000006120  ffffffff
000017ec  0000006124  ffffffff
000017f0  0000006128  ffffff00
000017f4  0000006132  0000ffff                                           
000017f8  0000006136  ffffffff
000017fc  0000006140  ffffffff
00001800  0000006144  ffff0000
00001804  0000006148  00000000
00001808  0000006152  000000ff
0000180c  0000006156  ffffffff
00001810  0000006160  ffffffff
00001814  0000006164  ffffff00
00001818  0000006168  000000ff
0000181c  0000006172  ffffffff
00001820  0000006176  ffffffff
00001824  0000006180  ffff0000
00001828  0000006184  00ffffff
0000182c  0000006188  ffffffff
00001830  0000006192  ffffffff
00001834  0000006196  00000000
00001838  0000006200  00000000
0000183c  0000006204  0000ffff
00001840  0000006208  ffffffff
00001844  0000006212  ffffffff
00001848  0000006216  ffffffff
0000184c  0000006220  ffffffff
00001850  0000006224  ffffffff
00001854  0000006228  ffffffff
00001858  0000006232  ffff0000
0000185c  0000006236  0000ffff                                           
00001860  0000006240  ffffffff
00001864  0000006244  ffffffff
00001868  0000006248  ffff0000
0000186c  0000006252  00000000
00001870  0000006256  00000000
00001874  0000006260  ffffffff
00001878  0000006264  ffffffff
0000187c  0000006268  ffffffff
00001880  0000006272  000000ff
00001884  0000006276  ffffffff
00001888  0000006280  ffffffff
0000188c  0000006284  ffff0000
00001890  0000006288  0000ffff
00001894  0000006292  ffffffff
00001898  0000006296  ffffffff
0000189c  0000006300  ff000000
000018a0  0000006304  00000000
000018a4  0000006308  000000ff
000018a8  0000006312  ffffffff
000018ac  0000006316  ffffffff
000018b0  0000006320  ffffffff
000018b4  0000006324  ffffffff
000018b8  0000006328  ffffffff
000018bc  0000006332  ffffffff
000018c0  0000006336  ff000000
000018c4  0000006340  00ffffff                                           
000018c8  0000006344  ffffffff
000018cc  0000006348  ffffffff
000018d0  0000006352  ffff0000
000018d4  0000006356  00000000
000018d8  0000006360  00000000
000018dc  0000006364  ffffffff
000018e0  0000006368  ffffffff
000018e4  0000006372  ffffffff
000018e8  0000006376  000000ff
000018ec  0000006380  ffffffff
000018f0  0000006384  ffffffff
000018f4  0000006388  ffff0000
000018f8  0000006392  0000ffff
000018fc  0000006396  ffffffff
00001900  0000006400  ffffffff
00001904  0000006404  ff000000
00001908  0000006408  00000000
0000190c  0000006412  00000000
00001910  0000006416  ffffffff
00001914  0000006420  ffffffff
00001918  0000006424  ffffffff
0000191c  0000006428  ffffffff
00001920  0000006432  ffffffff
00001924  0000006436  ffffffff
00001928  0000006440  00000000
0000192c  0000006444  00ffffff                                           
00001930  0000006448  ffffffff
00001934  0000006452  ffffffff
00001938  0000006456  ff000000
0000193c  0000006460  00000000
00001940  0000006464  00000000
00001944  0000006468  ffffffff
00001948  0000006472  ffffffff
0000194c  0000006476  ffffffff
00001950  0000006480  000000ff
00001954  0000006484  ffffffff
00001958  0000006488  ffffffff
0000195c  0000006492  ffff0000
00001960  0000006496  0000ffff
00001964  0000006500  ffffffff
00001968  0000006504  ffffffff
0000196c  0000006508  ffff0000
00001970  0000006512  00000000
00001974  0000006516  00000000
00001978  0000006520  00ffffff
0000197c  0000006524  ffffffff
00001980  0000006528  ffffffff
00001984  0000006532  ffffffff
00001988  0000006536  ffffffff
0000198c  0000006540  ffffff00
00001990  0000006544  00000000
00001994  0000006548  00ffffff                                           
00001998  0000006552  ffffffff
0000199c  0000006556  ffffffff
000019a0  0000006560  ff000000
000019a4  0000006564  00000000
000019a8  0000006568  00000000
000019ac  0000006572  00ffffff
000019b0  0000006576  ffffffff
000019b4  0000006580  ffffffff
000019b8  0000006584  ff0000ff
000019bc  0000006588  ffffffff
000019c0  0000006592  ffffffff
000019c4  0000006596  ffff0000
000019c8  0000006600  000000ff
000019cc  0000006604  ffffffff
000019d0  0000006608  ffffffff
000019d4  0000006612  ffff0000
000019d8  0000006616  00000000
000019dc  0000006620  00000000
000019e0  0000006624  0000ffff
000019e4  0000006628  ffffffff
000019e8  0000006632  ffffffff
000019ec  0000006636  ffffffff
000019f0  0000006640  ffffffff
000019f4  0000006644  ffff0000
000019f8  0000006648  00000000
000019fc  0000006652  ffffffff                                           
00001a00  0000006656  ffffffff
00001a04  0000006660  ffffffff
00001a08  0000006664  ff000000
00001a0c  0000006668  00000000
00001a10  0000006672  00000000
00001a14  0000006676  00ffffff
00001a18  0000006680  ffffffff
00001a1c  0000006684  ffffffff
00001a20  0000006688  ff0000ff
00001a24  0000006692  ffffffff
00001a28  0000006696  ffffffff
00001a2c  0000006700  ffff0000
00001a30  0000006704  000000ff
00001a34  0000006708  ffffffff
00001a38  0000006712  ffffffff
00001a3c  0000006716  ffffff00
00001a40  0000006720  00000000
00001a44  0000006724  00000000
00001a48  0000006728  00000000
00001a4c  0000006732  ffffffff
00001a50  0000006736  ffffffff
00001a54  0000006740  ffffffff
00001a58  0000006744  ffffffff
00001a5c  0000006748  00000000
00001a60  0000006752  00000000
00001a64  0000006756  ffffffff                                           
00001a68  0000006760  ffffffff
00001a6c  0000006764  ffffffff
00001a70  0000006768  00000000
00001a74  0000006772  00000000
00001a78  0000006776  00000000
00001a7c  0000006780  0000ffff
00001a80  0000006784  ffffffff
00001a84  0000006788  ffffffff
00001a88  0000006792  ff0000ff
00001a8c  0000006796  ffffffff
00001a90  0000006800  ffffffff
00001a94  0000006804  ffff0000
00001a98  0000006808  00000000
00001a9c  0000006812  ffffffff
00001aa0  0000006816  ffffffff
00001aa4  0000006820  ffffff00
00001aa8  0000006824  00000000
00001aac  0000006828  00000000
00001ab0  0000006832  00000000
00001ab4  0000006836  000000ff
00001ab8  0000006840  ffffffff
00001abc  0000006844  ffffffff
00001ac0  0000006848  ff000000
00001ac4  0000006852  00000000
00001ac8  0000006856  00000000
00001acc  0000006860  00000000                                           
00001ad0  0000006864  00000000
00001ad4  0000006868  00000000
00001ad8  0000006872  00000000
00001adc  0000006876  00000000
00001ae0  0000006880  00000000
00001ae4  0000006884  00000000
00001ae8  0000006888  00000000
00001aec  0000006892  00000000
00001af0  0000006896  00000000
00001af4  0000006900  00000000
00001af8  0000006904  00000000
00001afc  0000006908  00000000
00001b00  0000006912  00000000
00001b04  0000006916  00000000
00001b08  0000006920  00000000
00001b0c  0000006924  00000000
00001b10  0000006928  00000000
00001b14  0000006932  00000000
00001b18  0000006936  00000000
00001b1c  0000006940  00000000
00001b20  0000006944  00000000
00001b24  0000006948  00000000
00001b28  0000006952  00000000
00001b2c  0000006956  00000000
00001b30  0000006960  00000000
00001b34  0000006964  00000000                                           
00001b38  0000006968  00000000
00001b3c  0000006972  00000000
00001b40  0000006976  00000000
00001b44  0000006980  00000000
00001b48  0000006984  00000000
00001b4c  0000006988  00000000
00001b50  0000006992  00000000
00001b54  0000006996  00000000
00001b58  0000007000  00000000
00001b5c  0000007004  00000000
00001b60  0000007008  00000000
00001b64  0000007012  00000000
00001b68  0000007016  00000000
00001b6c  0000007020  00000000
00001b70  0000007024  00000000
00001b74  0000007028  00000000
00001b78  0000007032  00000000
00001b7c  0000007036  00000000
00001b80  0000007040  00000000
00001b84  0000007044  00000000
00001b88  0000007048  00000000
00001b8c  0000007052  00000000
00001b90  0000007056  00000000
00001b94  0000007060  00000000
00001b98  0000007064  00000000
00001b9c  0000007068  00000000                                           
00001ba0  0000007072  00000000
00001ba4  0000007076  00000000
00001ba8  0000007080  00000000
00001bac  0000007084  00000000
00001bb0  0000007088  00000000
00001bb4  0000007092  00000000
00001bb8  0000007096  00000000
00001bbc  0000007100  00000000
00001bc0  0000007104  00000000
00001bc4  0000007108  00000000
00001bc8  0000007112  00000000
00001bcc  0000007116  00000000
00001bd0  0000007120  00000000
00001bd4  0000007124  00000000
00001bd8  0000007128  00000000
00001bdc  0000007132  00000000
00001be0  0000007136  00000000
00001be4  0000007140  00000000
00001be8  0000007144  00000000
00001bec  0000007148  00000000
00001bf0  0000007152  00000000
00001bf4  0000007156  00000000
00001bf8  0000007160  00000000
00001bfc  0000007164  00000000
00001c00  0000007168  00000000
00001c04  0000007172  f0f0f0f0                                           
00001c08  0000007176  f0f0f0f0
00001c0c  0000007180  f0f0f0f0
00001c10  0000007184  f0f0f0f0
00001c14  0000007188  f0f0f0f0
00001c18  0000007192  f0f0f0f0
00001c1c  0000007196  f0f0f0f0
00001c20  0000007200  f0f0f0f0
00001c24  0000007204  f0f0f0f0
00001c28  0000007208  f0f0f0f0
00001c2c  0000007212  f0f0f0f0
00001c30  0000007216  f0f0f0f0
00001c34  0000007220  f0f0f0f0
00001c38  0000007224  f0f0f0f0
00001c3c  0000007228  f0f0f0f0
00001c40  0000007232  f0f0f0f0
00001c44  0000007236  f0f0f0f0
00001c48  0000007240  f0f0f0f0
00001c4c  0000007244  f0f0f0f0
00001c50  0000007248  f0f0f0f0
00001c54  0000007252  f0f0f0f0
00001c58  0000007256  f0f0f0f0
00001c5c  0000007260  f0f0f0f0
00001c60  0000007264  f0f000f0
00001c64  0000007268  00f000f0
00001c68  0000007272  f0f0f0f0
00001c6c  0000007276  f0f0f0f0                                           
00001c70  0000007280  f0f0f0f0
00001c74  0000007284  f0f0f0f0
00001c78  0000007288  f0f0f0f0
00001c7c  0000007292  f0f0f0f0
00001c80  0000007296  f0f0f0f0
00001c84  0000007300  f0f0f0f0
00001c88  0000007304  f0f0f0f0
00001c8c  0000007308  f0f0f0f0
00001c90  0000007312  f0f0f0f0
00001c94  0000007316  f0f0f0f0
00001c98  0000007320  f0f0f0f0
00001c9c  0000007324  f0f0f0f0
00001ca0  0000007328  f0f0f0f0
00001ca4  0000007332  f0f0f0f0
00001ca8  0000007336  f0f0f0f0
00001cac  0000007340  f0f0f0f0
00001cb0  0000007344  f0f0f0f0
00001cb4  0000007348  f0f0f0f0
00001cb8  0000007352  f0f0f0f0
00001cbc  0000007356  f0f0f0f0
00001cc0  0000007360  f0f0f0f0
00001cc4  0000007364  f0f0f0f0
00001cc8  0000007368  f0f000f0
00001ccc  0000007372  00f000f0
00001cd0  0000007376  00f000f0
00001cd4  0000007380  f0f0f0f0                                           
00001cd8  0000007384  f0f0f0f0
00001cdc  0000007388  f0f0f0f0
00001ce0  0000007392  f0f0f0f0
00001ce4  0000007396  f0f0f0f0
00001ce8  0000007400  f0f0f0f0
00001cec  0000007404  f0f0f0f0
00001cf0  0000007408  f0f0f0f0
00001cf4  0000007412  f0f0f0f0
00001cf8  0000007416  f0f0f0f0
00001cfc  0000007420  f0f0f0f0
00001d00  0000007424  f0f0f0f0
00001d04  0000007428  f0f0f0f0
00001d08  0000007432  f0f0f0f0
00001d0c  0000007436  f0f0f0f0
00001d10  0000007440  f0f0f0f0
00001d14  0000007444  f0f0f0f0
00001d18  0000007448  f0f0f0f0
00001d1c  0000007452  f0f0f0f0
00001d20  0000007456  f0f0f0f0
00001d24  0000007460  f0f0f0f0
00001d28  0000007464  f0f0f0f0
00001d2c  0000007468  f0f0f0f0
00001d30  0000007472  f0f00000
00001d34  0000007476  f00000f0
00001d38  0000007480  00f000f0

--- Symbol Table ---
V_CMD: 242
logo: 2180
nexty: 2080
IMAGE_H: 51
two: 2168
white: 2160
three: 2172
SCREENW: 320
V_ADDR_Y: 248
V_ADDR_X: 244
done: 2148
one: 2164
SCREENH: 240
init: 2052
V_COLOR: 241
loop: 2100
IMAGE_W: 104
four: 2176
