(ARCTools Version 2.1.2)
 HexLoc     DecLoc    MachWord   Label        Instruction                Comment
                                              .org 2048                  
00000800  0000002048  03000be8                sethi 3048, %r1            
00000804  0000002052  9130600a                srl %r1, 10, %r8           ! %r8 = &arr
00000808  0000002056  82084000                and %r1, %r0, %r1          
0000080c  0000002060            loop:                                    ! while (true) {
00000810  0000002064  c4020000                ld %r8, %r2                ! 	%r2 = arr[%r8];
00000814  0000002068  90022004                add %r8, 4, %r8            ! 	%r8 += 4 bytes;	
                                                                         
                                                                         !	// Oneven getallen overslaan:
00000818  0000002072  8088a001                andcc %r2, 1, %r0          !	z = (LSB(%r2));
0000081c  0000002076  12bffffc                bne -4                     !	if (!z) continue;
                                                                         
                                                                         !	// Afbreken bij 0:
00000820  0000002080  80908000                orcc %r2, %r0, %r0         ! 	z = (%r2 == 0);
00000824  0000002084  02800003                be 3                       ! 	if (z) break;
                                                                         
                                                                         !	// Getal is niet nul en niet oneven, tellen
00000828  0000002088  8600e001                add %r3, 1, %r3            !	%r3 += 1;
                                                                         
0000082c  0000002092  10bffff8                ba -8                      ! }
00000830  0000002096  900a0000  done:         and %r8, %r0, %r8          
00000834  0000002100  ffffffff                halt                       ! %r3 == aantal even getallen
                                              .org 3048                  
00000be8  0000003048  00000005  arr:                                     ! Voorbeeld-array.
00000bec  0000003052  00000004
00000bf0  0000003056  00000003
00000bf4  0000003060  00000006
00000bf8  0000003064  00000002
00000bfc  0000003068  00000003
00000c00  0000003072  00000004
00000c04  0000003076  00000002
00000c08  0000003080  ffffffff
00000c0c  0000003084  00000001
00000c10  0000003088  00000002
00000c14  0000003092  00000000

--- Symbol Table ---
arr: 3048
done: 2096
loop: 2060
