(ARCTools Version 2.1.2)
 HexLoc     DecLoc    MachWord   Label        Instruction                Comment
                                              .org 2048                  
                                              .equ 0                     
                                              .equ 0                     
                                              .equ 4                     
                                              .equ 4                     
                                              .equ 0xF1                  
                                              .equ 0xF1                  
                                              .equ 0xF2                  
                                              .equ 0xF2                  
                                              .equ 0xF4                  
                                              .equ 0xF4                  
                                              .equ 0xF8                  
                                              .equ 0xF8                  
                                              .equ 320                   
                                              .equ 320                   
                                              .equ 240                   
                                              .equ 240                   
00000800  0000002048  10800003  libdev_data:  ba 3                       
00000804  0000002052  ffff0000  MEM_IO:                                  
00000808  0000002056  ffff0000  _MEM_IO0:                                
0000080c  0000002060            __end_libdev_data:                             
00000810  0000002064  10800008  libcon_data:  ba 8                       
00000814  0000002068            putc:                                    
00000818  0000002072  fc002804                ld [2052], %r30            
0000081c  0000002076  fe0fa004                ldub %r30, [4], %r31       
00000820  0000002080  be886080                andcc %r1, 128, %r31       
00000824  0000002084  02bffffc                be -4                      
00000828  0000002088  c62fa000                stb %r3, %r30, [0]         
0000082c  0000002092  81c3e004                jmpl %r15, 4, %r0          
00000830  0000002096            __end_libcon_data:                             
00000834  0000002100  1080042c  libfnt_data:  ba 1068                    
00000838  0000002104            libfntfnt:                               
0000083c  0000002108  fc002804                ld [2052], %r30            ! %r30 = memory offset
00000840  0000002112  a0242020                sub %r16, 32, %r16         ! Compensate ASCII offset
00000844  0000002116  a12c2006                sll %r16, 6, %r16          ! %r16 = data offset
00000848  0000002120  a32c6003                sll %r17, 3, %r17          ! %r17 = screen x offset
0000084c  0000002124  a52ca003                sll %r18, 3, %r18          ! %r18 = screen y offset
00000850  0000002128  a6102000                or %r0, 0, %r19            ! %r19 = x loop counter
00000854  0000002132  a8102000                or %r0, 0, %r20            ! %r20 = y loop counter
00000858  0000002136            lff_nexty:                               
0000085c  0000002140  80a52008                subcc %r20, 8, %r0         
00000860  0000002144  02800011                be 17                      
00000864  0000002148  a8052001                add %r20, 1, %r20          
00000868  0000002152  a6102000                or %r0, 0, %r19            
0000086c  0000002156            lff_loop:                                
00000870  0000002160  80a4e008                subcc %r19, 8, %r0         
00000874  0000002164  02bffff9                be -7                      
00000878  0000002168  ea4c28cc                ldsb %r16, [2252], %r21    ! %r21 = data byte
0000087c  0000002172  b2044013                add %r17, %r19, %r25       
00000880  0000002176  b4048014                add %r18, %r20, %r26       
00000884  0000002180                          gfxx %r25                  
00000884  0000002180  c2002808                ld [2056], %r1             
00000888  0000002184  f22060f4                st %r25, %r1, [244]        
0000088c  0000002188                          gfxy %r26                  
0000088c  0000002188  c2002808                ld [2056], %r1             
00000890  0000002192  f42060f8                st %r26, %r1, [248]        
00000894  0000002196                          gfxpixel %r21              
00000894  0000002196  ea2860f1                stb %r21, %r1, [241]       
00000898  0000002200  a604e001                add %r19, 1, %r19          ! Increase X loop counter
0000089c  0000002204  a0042001                add %r16, 1, %r16          ! Increase data offset
000008a0  0000002208  10bffff3                ba -13                     
000008a4  0000002212            lff_done:                                
000008a8  0000002216  cc2060f2                st %r6, %r1, [242]         ! Update screen
000008ac  0000002220  a0042020                add %r16, 32, %r16         
000008b0  0000002224  a1342006                srl %r16, 6, %r16          
000008b4  0000002228  a3346003                srl %r17, 3, %r17          
000008b8  0000002232  a534a003                srl %r18, 3, %r18          
000008bc  0000002236  a60cc000                and %r19, %r0, %r19        
000008c0  0000002240  a80d0000                and %r20, %r0, %r20        
000008c4  0000002244  bc0f8000                and %r30, %r0, %r30        
000008c8  0000002248  81c3e004                jmpl %r15, 4, %r0          
000008cc  0000002252  00000000  fntfont:                                 
000008d0  0000002256  00000000
000008d4  0000002260  00000000                                           
000008d8  0000002264  00000000
000008dc  0000002268  00000000                                           
000008e0  0000002272  00000000
000008e4  0000002276  00000000                                           
000008e8  0000002280  00000000
000008ec  0000002284  00000000                                           
000008f0  0000002288  00000000
000008f4  0000002292  00000000                                           
000008f8  0000002296  00000000
000008fc  0000002300  00000000                                           
00000900  0000002304  00000000
00000904  0000002308  00000000                                           
00000908  0000002312  00000000
0000090c  0000002316  00000000                                           
00000910  0000002320  00000000
00000914  0000002324  000000ff                                           
00000918  0000002328  ff000000
0000091c  0000002332  0000ffff                                           
00000920  0000002336  ffff0000
00000924  0000002340  0000ffff                                           
00000928  0000002344  ffff0000
0000092c  0000002348  000000ff                                           
00000930  0000002352  ff000000
00000934  0000002356  000000ff                                           
00000938  0000002360  ff000000
0000093c  0000002364  00000000                                           
00000940  0000002368  00000000
00000944  0000002372  000000ff                                           
00000948  0000002376  ff000000
0000094c  0000002380  00000000                                           
00000950  0000002384  00000000
00000954  0000002388  0000ffff                                           
00000958  0000002392  00ffff00
0000095c  0000002396  0000ffff                                           
00000960  0000002400  00ffff00
00000964  0000002404  000000ff                                           
00000968  0000002408  00ff0000
0000096c  0000002412  00000000                                           
00000970  0000002416  00000000
00000974  0000002420  00000000                                           
00000978  0000002424  00000000
0000097c  0000002428  00000000                                           
00000980  0000002432  00000000
00000984  0000002436  00000000                                           
00000988  0000002440  00000000
0000098c  0000002444  00000000                                           
00000990  0000002448  00000000
00000994  0000002452  0000ffff                                           
00000998  0000002456  00ffff00
0000099c  0000002460  0000ffff                                           
000009a0  0000002464  00ffff00
000009a4  0000002468  00ffffff                                           
000009a8  0000002472  ffffffff
000009ac  0000002476  0000ffff                                           
000009b0  0000002480  00ffff00
000009b4  0000002484  00ffffff                                           
000009b8  0000002488  ffffffff
000009bc  0000002492  0000ffff                                           
000009c0  0000002496  00ffff00
000009c4  0000002500  0000ffff                                           
000009c8  0000002504  00ffff00
000009cc  0000002508  00000000                                           
000009d0  0000002512  00000000
000009d4  0000002516  00000000                                           
000009d8  0000002520  ff000000
000009dc  0000002524  000000ff                                           
000009e0  0000002528  ffffff00
000009e4  0000002532  0000ff00                                           
000009e8  0000002536  00000000
000009ec  0000002540  000000ff                                           
000009f0  0000002544  ffff0000
000009f4  0000002548  00000000                                           
000009f8  0000002552  0000ff00
000009fc  0000002556  0000ffff                                           
00000a00  0000002560  ffff0000
00000a04  0000002564  00000000                                           
00000a08  0000002568  ff000000
00000a0c  0000002572  00000000                                           
00000a10  0000002576  00000000
00000a14  0000002580  00ffff00                                           
00000a18  0000002584  00000000
00000a1c  0000002588  00ffff00                                           
00000a20  0000002592  00ffff00
00000a24  0000002596  00000000                                           
00000a28  0000002600  ffff0000
00000a2c  0000002604  000000ff                                           
00000a30  0000002608  ff000000
00000a34  0000002612  0000ffff                                           
00000a38  0000002616  00000000
00000a3c  0000002620  00ffff00                                           
00000a40  0000002624  00ffff00
00000a44  0000002628  00000000                                           
00000a48  0000002632  00ffff00
00000a4c  0000002636  00000000                                           
00000a50  0000002640  00000000
00000a54  0000002644  0000ffff                                           
00000a58  0000002648  ffff0000
00000a5c  0000002652  00ffff00                                           
00000a60  0000002656  00ffff00
00000a64  0000002660  0000ffff                                           
00000a68  0000002664  ffff0000
00000a6c  0000002668  0000ff00                                           
00000a70  0000002672  ff000000
00000a74  0000002676  00ffff00                                           
00000a78  0000002680  00ff00ff
00000a7c  0000002684  00ffff00                                           
00000a80  0000002688  00ffff00
00000a84  0000002692  0000ffff                                           
00000a88  0000002696  ffffffff
00000a8c  0000002700  00000000                                           
00000a90  0000002704  00000000
00000a94  0000002708  000000ff                                           
00000a98  0000002712  ff000000
00000a9c  0000002716  000000ff                                           
00000aa0  0000002720  ff000000
00000aa4  0000002724  000000ff                                           
00000aa8  0000002728  ff000000
00000aac  0000002732  0000ffff                                           
00000ab0  0000002736  00000000
00000ab4  0000002740  00000000                                           
00000ab8  0000002744  00000000
00000abc  0000002748  00000000                                           
00000ac0  0000002752  00000000
00000ac4  0000002756  00000000                                           
00000ac8  0000002760  00000000
00000acc  0000002764  00000000                                           
00000ad0  0000002768  00000000
00000ad4  0000002772  00ffff00                                           
00000ad8  0000002776  00000000
00000adc  0000002780  0000ffff                                           
00000ae0  0000002784  00000000
00000ae4  0000002788  000000ff                                           
00000ae8  0000002792  ff000000
00000aec  0000002796  000000ff                                           
00000af0  0000002800  ff000000
00000af4  0000002804  000000ff                                           
00000af8  0000002808  ff000000
00000afc  0000002812  0000ffff                                           
00000b00  0000002816  00000000
00000b04  0000002820  00ffff00                                           
00000b08  0000002824  00000000
00000b0c  0000002828  00000000                                           
00000b10  0000002832  00000000
00000b14  0000002836  00000000                                           
00000b18  0000002840  00ffff00
00000b1c  0000002844  00000000                                           
00000b20  0000002848  ffff0000
00000b24  0000002852  000000ff                                           
00000b28  0000002856  ff000000
00000b2c  0000002860  000000ff                                           
00000b30  0000002864  ff000000
00000b34  0000002868  000000ff                                           
00000b38  0000002872  ff000000
00000b3c  0000002876  00000000                                           
00000b40  0000002880  ffff0000
00000b44  0000002884  00000000                                           
00000b48  0000002888  00ffff00
00000b4c  0000002892  00000000                                           
00000b50  0000002896  00000000
00000b54  0000002900  00000000                                           
00000b58  0000002904  00000000
00000b5c  0000002908  0000ffff                                           
00000b60  0000002912  00ffff00
00000b64  0000002916  000000ff                                           
00000b68  0000002920  ffff0000
00000b6c  0000002924  00ffffff                                           
00000b70  0000002928  ffffffff
00000b74  0000002932  000000ff                                           
00000b78  0000002936  ffff0000
00000b7c  0000002940  0000ffff                                           
00000b80  0000002944  00ffff00
00000b84  0000002948  00000000                                           
00000b88  0000002952  00000000
00000b8c  0000002956  00000000                                           
00000b90  0000002960  00000000
00000b94  0000002964  00000000                                           
00000b98  0000002968  00000000
00000b9c  0000002972  00000000                                           
00000ba0  0000002976  ff000000
00000ba4  0000002980  00000000                                           
00000ba8  0000002984  ff000000
00000bac  0000002988  0000ffff                                           
00000bb0  0000002992  ffffff00
00000bb4  0000002996  00000000                                           
00000bb8  0000003000  ff000000
00000bbc  0000003004  00000000                                           
00000bc0  0000003008  ff000000
00000bc4  0000003012  00000000                                           
00000bc8  0000003016  00000000
00000bcc  0000003020  00000000                                           
00000bd0  0000003024  00000000
00000bd4  0000003028  00000000                                           
00000bd8  0000003032  00000000
00000bdc  0000003036  00000000                                           
00000be0  0000003040  00000000
00000be4  0000003044  00000000                                           
00000be8  0000003048  00000000
00000bec  0000003052  0000ffff                                           
00000bf0  0000003056  00000000
00000bf4  0000003060  0000ffff                                           
00000bf8  0000003064  00000000
00000bfc  0000003068  0000ffff                                           
00000c00  0000003072  00000000
00000c04  0000003076  00ffff00                                           
00000c08  0000003080  00000000
00000c0c  0000003084  00000000                                           
00000c10  0000003088  00000000
00000c14  0000003092  00000000                                           
00000c18  0000003096  00000000
00000c1c  0000003100  00000000                                           
00000c20  0000003104  00000000
00000c24  0000003108  00000000                                           
00000c28  0000003112  00000000
00000c2c  0000003116  0000ffff                                           
00000c30  0000003120  ffff0000
00000c34  0000003124  00000000                                           
00000c38  0000003128  00000000
00000c3c  0000003132  00000000                                           
00000c40  0000003136  00000000
00000c44  0000003140  00000000                                           
00000c48  0000003144  00000000
00000c4c  0000003148  00000000                                           
00000c50  0000003152  00000000
00000c54  0000003156  00000000                                           
00000c58  0000003160  00000000
00000c5c  0000003164  00000000                                           
00000c60  0000003168  00000000
00000c64  0000003172  00000000                                           
00000c68  0000003176  00000000
00000c6c  0000003180  00000000                                           
00000c70  0000003184  00000000
00000c74  0000003188  00000000                                           
00000c78  0000003192  00000000
00000c7c  0000003196  00ffff00                                           
00000c80  0000003200  00000000
00000c84  0000003204  00ffff00                                           
00000c88  0000003208  00000000
00000c8c  0000003212  00000000                                           
00000c90  0000003216  00000000
00000c94  0000003220  00000000                                           
00000c98  0000003224  00000000
00000c9c  0000003228  00000000                                           
00000ca0  0000003232  00ffff00
00000ca4  0000003236  00000000                                           
00000ca8  0000003240  ffff0000
00000cac  0000003244  000000ff                                           
00000cb0  0000003248  ff000000
00000cb4  0000003252  0000ffff                                           
00000cb8  0000003256  00000000
00000cbc  0000003260  00ffff00                                           
00000cc0  0000003264  00000000
00000cc4  0000003268  00000000                                           
00000cc8  0000003272  00000000
00000ccc  0000003276  00000000                                           
00000cd0  0000003280  00000000
00000cd4  0000003284  0000ffff                                           
00000cd8  0000003288  ffff0000
00000cdc  0000003292  00ffff00                                           
00000ce0  0000003296  00ffff00
00000ce4  0000003300  00ffff00                                           
00000ce8  0000003304  ffffff00
00000cec  0000003308  00ffffff                                           
00000cf0  0000003312  00ffff00
00000cf4  0000003316  00ffff00                                           
00000cf8  0000003320  00ffff00
00000cfc  0000003324  00ffff00                                           
00000d00  0000003328  00ffff00
00000d04  0000003332  0000ffff                                           
00000d08  0000003336  ffff0000
00000d0c  0000003340  00000000                                           
00000d10  0000003344  00000000
00000d14  0000003348  000000ff                                           
00000d18  0000003352  ff000000
00000d1c  0000003356  000000ff                                           
00000d20  0000003360  ff000000
00000d24  0000003364  0000ffff                                           
00000d28  0000003368  ff000000
00000d2c  0000003372  000000ff                                           
00000d30  0000003376  ff000000
00000d34  0000003380  000000ff                                           
00000d38  0000003384  ff000000
00000d3c  0000003388  000000ff                                           
00000d40  0000003392  ff000000
00000d44  0000003396  00ffffff                                           
00000d48  0000003400  ffffff00
00000d4c  0000003404  00000000                                           
00000d50  0000003408  00000000
00000d54  0000003412  0000ffff                                           
00000d58  0000003416  ffff0000
00000d5c  0000003420  00ffff00                                           
00000d60  0000003424  00ffff00
00000d64  0000003428  00000000                                           
00000d68  0000003432  00ffff00
00000d6c  0000003436  00000000                                           
00000d70  0000003440  ffff0000
00000d74  0000003444  0000ffff                                           
00000d78  0000003448  00000000
00000d7c  0000003452  00ffff00                                           
00000d80  0000003456  00000000
00000d84  0000003460  00ffffff                                           
00000d88  0000003464  ffffff00
00000d8c  0000003468  00000000                                           
00000d90  0000003472  00000000
00000d94  0000003476  0000ffff                                           
00000d98  0000003480  ffff0000
00000d9c  0000003484  00ffff00                                           
00000da0  0000003488  00ffff00
00000da4  0000003492  00000000                                           
00000da8  0000003496  00ffff00
00000dac  0000003500  000000ff                                           
00000db0  0000003504  ffff0000
00000db4  0000003508  00000000                                           
00000db8  0000003512  00ffff00
00000dbc  0000003516  00ffff00                                           
00000dc0  0000003520  00ffff00
00000dc4  0000003524  0000ffff                                           
00000dc8  0000003528  ffff0000
00000dcc  0000003532  00000000                                           
00000dd0  0000003536  00000000
00000dd4  0000003540  00000000                                           
00000dd8  0000003544  ffff0000
00000ddc  0000003548  000000ff                                           
00000de0  0000003552  ffff0000
00000de4  0000003556  0000ff00                                           
00000de8  0000003560  ffff0000
00000dec  0000003564  00ff0000                                           
00000df0  0000003568  ffff0000
00000df4  0000003572  00ffffff                                           
00000df8  0000003576  ffffff00
00000dfc  0000003580  00000000                                           
00000e00  0000003584  ffff0000
00000e04  0000003588  00000000                                           
00000e08  0000003592  ffff0000
00000e0c  0000003596  00000000                                           
00000e10  0000003600  00000000
00000e14  0000003604  00ffffff                                           
00000e18  0000003608  ffffff00
00000e1c  0000003612  00ffff00                                           
00000e20  0000003616  00000000
00000e24  0000003620  00ffffff                                           
00000e28  0000003624  ffff0000
00000e2c  0000003628  00000000                                           
00000e30  0000003632  00ffff00
00000e34  0000003636  00000000                                           
00000e38  0000003640  00ffff00
00000e3c  0000003644  00ffff00                                           
00000e40  0000003648  00ffff00
00000e44  0000003652  0000ffff                                           
00000e48  0000003656  ffff0000
00000e4c  0000003660  00000000                                           
00000e50  0000003664  00000000
00000e54  0000003668  0000ffff                                           
00000e58  0000003672  ffff0000
00000e5c  0000003676  00ffff00                                           
00000e60  0000003680  00ffff00
00000e64  0000003684  00ffff00                                           
00000e68  0000003688  00000000
00000e6c  0000003692  00ffffff                                           
00000e70  0000003696  ffff0000
00000e74  0000003700  00ffff00                                           
00000e78  0000003704  00ffff00
00000e7c  0000003708  00ffff00                                           
00000e80  0000003712  00ffff00
00000e84  0000003716  0000ffff                                           
00000e88  0000003720  ffff0000
00000e8c  0000003724  00000000                                           
00000e90  0000003728  00000000
00000e94  0000003732  00ffffff                                           
00000e98  0000003736  ffffff00
00000e9c  0000003740  00ffff00                                           
00000ea0  0000003744  00ffff00
00000ea4  0000003748  00000000                                           
00000ea8  0000003752  ffff0000
00000eac  0000003756  00000000                                           
00000eb0  0000003760  ffff0000
00000eb4  0000003764  000000ff                                           
00000eb8  0000003768  ff000000
00000ebc  0000003772  000000ff                                           
00000ec0  0000003776  ff000000
00000ec4  0000003780  000000ff                                           
00000ec8  0000003784  ff000000
00000ecc  0000003788  00000000                                           
00000ed0  0000003792  00000000
00000ed4  0000003796  0000ffff                                           
00000ed8  0000003800  ffff0000
00000edc  0000003804  00ffff00                                           
00000ee0  0000003808  00ffff00
00000ee4  0000003812  00ffff00                                           
00000ee8  0000003816  00ffff00
00000eec  0000003820  0000ffff                                           
00000ef0  0000003824  ffff0000
00000ef4  0000003828  00ffff00                                           
00000ef8  0000003832  00ffff00
00000efc  0000003836  00ffff00                                           
00000f00  0000003840  00ffff00
00000f04  0000003844  0000ffff                                           
00000f08  0000003848  ffff0000
00000f0c  0000003852  00000000                                           
00000f10  0000003856  00000000
00000f14  0000003860  0000ffff                                           
00000f18  0000003864  ffff0000
00000f1c  0000003868  00ffff00                                           
00000f20  0000003872  00ffff00
00000f24  0000003876  00ffff00                                           
00000f28  0000003880  00ffff00
00000f2c  0000003884  0000ffff                                           
00000f30  0000003888  ffffff00
00000f34  0000003892  00000000                                           
00000f38  0000003896  00ffff00
00000f3c  0000003900  00ffff00                                           
00000f40  0000003904  00ffff00
00000f44  0000003908  0000ffff                                           
00000f48  0000003912  ffff0000
00000f4c  0000003916  00000000                                           
00000f50  0000003920  00000000
00000f54  0000003924  00000000                                           
00000f58  0000003928  00000000
00000f5c  0000003932  000000ff                                           
00000f60  0000003936  ff000000
00000f64  0000003940  000000ff                                           
00000f68  0000003944  ff000000
00000f6c  0000003948  00000000                                           
00000f70  0000003952  00000000
00000f74  0000003956  000000ff                                           
00000f78  0000003960  ff000000
00000f7c  0000003964  000000ff                                           
00000f80  0000003968  ff000000
00000f84  0000003972  00000000                                           
00000f88  0000003976  00000000
00000f8c  0000003980  00000000                                           
00000f90  0000003984  00000000
00000f94  0000003988  00000000                                           
00000f98  0000003992  00000000
00000f9c  0000003996  000000ff                                           
00000fa0  0000004000  ff000000
00000fa4  0000004004  000000ff                                           
00000fa8  0000004008  ff000000
00000fac  0000004012  00000000                                           
00000fb0  0000004016  00000000
00000fb4  0000004020  000000ff                                           
00000fb8  0000004024  ff000000
00000fbc  0000004028  000000ff                                           
00000fc0  0000004032  ff000000
00000fc4  0000004036  0000ffff                                           
00000fc8  0000004040  00000000
00000fcc  0000004044  00000000                                           
00000fd0  0000004048  00000000
00000fd4  0000004052  00000000                                           
00000fd8  0000004056  00ffff00
00000fdc  0000004060  00000000                                           
00000fe0  0000004064  ffff0000
00000fe4  0000004068  000000ff                                           
00000fe8  0000004072  ff000000
00000fec  0000004076  0000ffff                                           
00000ff0  0000004080  00000000
00000ff4  0000004084  000000ff                                           
00000ff8  0000004088  ff000000
00000ffc  0000004092  00000000                                           
00001000  0000004096  ffff0000
00001004  0000004100  00000000                                           
00001008  0000004104  00ffff00
0000100c  0000004108  00000000                                           
00001010  0000004112  00000000
00001014  0000004116  00000000                                           
00001018  0000004120  00000000
0000101c  0000004124  00000000                                           
00001020  0000004128  00000000
00001024  0000004132  0000ffff                                           
00001028  0000004136  ffff0000
0000102c  0000004140  00000000                                           
00001030  0000004144  00000000
00001034  0000004148  0000ffff                                           
00001038  0000004152  ffff0000
0000103c  0000004156  00000000                                           
00001040  0000004160  00000000
00001044  0000004164  00000000                                           
00001048  0000004168  00000000
0000104c  0000004172  00000000                                           
00001050  0000004176  00000000
00001054  0000004180  00ffff00                                           
00001058  0000004184  00000000
0000105c  0000004188  0000ffff                                           
00001060  0000004192  00000000
00001064  0000004196  000000ff                                           
00001068  0000004200  ff000000
0000106c  0000004204  00000000                                           
00001070  0000004208  ffff0000
00001074  0000004212  000000ff                                           
00001078  0000004216  ff000000
0000107c  0000004220  0000ffff                                           
00001080  0000004224  00000000
00001084  0000004228  00ffff00                                           
00001088  0000004232  00000000
0000108c  0000004236  00000000                                           
00001090  0000004240  00000000
00001094  0000004244  0000ffff                                           
00001098  0000004248  ffff0000
0000109c  0000004252  00ffff00                                           
000010a0  0000004256  00ffff00
000010a4  0000004260  00000000                                           
000010a8  0000004264  00ffff00
000010ac  0000004268  000000ff                                           
000010b0  0000004272  ffff0000
000010b4  0000004276  000000ff                                           
000010b8  0000004280  ff000000
000010bc  0000004284  00000000                                           
000010c0  0000004288  00000000
000010c4  0000004292  000000ff                                           
000010c8  0000004296  ff000000
000010cc  0000004300  00000000                                           
000010d0  0000004304  00000000
000010d4  0000004308  0000ffff                                           
000010d8  0000004312  ff000000
000010dc  0000004316  00ff0000                                           
000010e0  0000004320  00ff0000
000010e4  0000004324  00ff00ff                                           
000010e8  0000004328  ffff0000
000010ec  0000004332  00ff00ff                                           
000010f0  0000004336  ff000000
000010f4  0000004340  00ff0000                                           
000010f8  0000004344  0000ff00
000010fc  0000004348  0000ffff                                           
00001100  0000004352  ffff0000
00001104  0000004356  00000000                                           
00001108  0000004360  00000000
0000110c  0000004364  00000000                                           
00001110  0000004368  00000000
00001114  0000004372  0000ffff                                           
00001118  0000004376  ffff0000
0000111c  0000004380  00ffff00                                           
00001120  0000004384  00ffff00
00001124  0000004388  00ffff00                                           
00001128  0000004392  00ffff00
0000112c  0000004396  00ffffff                                           
00001130  0000004400  ffffff00
00001134  0000004404  00ffff00                                           
00001138  0000004408  00ffff00
0000113c  0000004412  00ffff00                                           
00001140  0000004416  00ffff00
00001144  0000004420  00ffff00                                           
00001148  0000004424  00ffff00
0000114c  0000004428  00000000                                           
00001150  0000004432  00000000
00001154  0000004436  00ffffff                                           
00001158  0000004440  ffff0000
0000115c  0000004444  00ffff00                                           
00001160  0000004448  00ffff00
00001164  0000004452  00ffff00                                           
00001168  0000004456  00ffff00
0000116c  0000004460  00ffffff                                           
00001170  0000004464  ffff0000
00001174  0000004468  00ffff00                                           
00001178  0000004472  00ffff00
0000117c  0000004476  00ffff00                                           
00001180  0000004480  00ffff00
00001184  0000004484  00ffffff                                           
00001188  0000004488  ffff0000
0000118c  0000004492  00000000                                           
00001190  0000004496  00000000
00001194  0000004500  0000ffff                                           
00001198  0000004504  ffff0000
0000119c  0000004508  00ffff00                                           
000011a0  0000004512  00ffff00
000011a4  0000004516  00ffff00                                           
000011a8  0000004520  00000000
000011ac  0000004524  00ffff00                                           
000011b0  0000004528  00000000
000011b4  0000004532  00ffff00                                           
000011b8  0000004536  00000000
000011bc  0000004540  00ffff00                                           
000011c0  0000004544  00ffff00
000011c4  0000004548  0000ffff                                           
000011c8  0000004552  ffff0000
000011cc  0000004556  00000000                                           
000011d0  0000004560  00000000
000011d4  0000004564  00ffffff                                           
000011d8  0000004568  ffff0000
000011dc  0000004572  00ffff00                                           
000011e0  0000004576  00ffff00
000011e4  0000004580  00ffff00                                           
000011e8  0000004584  00ffff00
000011ec  0000004588  00ffff00                                           
000011f0  0000004592  00ffff00
000011f4  0000004596  00ffff00                                           
000011f8  0000004600  00ffff00
000011fc  0000004604  00ffff00                                           
00001200  0000004608  00ffff00
00001204  0000004612  00ffffff                                           
00001208  0000004616  ffff0000
0000120c  0000004620  00000000                                           
00001210  0000004624  00000000
00001214  0000004628  00ffffff                                           
00001218  0000004632  ffffff00
0000121c  0000004636  00ffff00                                           
00001220  0000004640  00000000
00001224  0000004644  00ffff00                                           
00001228  0000004648  00000000
0000122c  0000004652  00ffffff                                           
00001230  0000004656  ffff0000
00001234  0000004660  00ffff00                                           
00001238  0000004664  00000000
0000123c  0000004668  00ffff00                                           
00001240  0000004672  00000000
00001244  0000004676  00ffffff                                           
00001248  0000004680  ffffff00
0000124c  0000004684  00000000                                           
00001250  0000004688  00000000
00001254  0000004692  00ffffff                                           
00001258  0000004696  ffffff00
0000125c  0000004700  00ffff00                                           
00001260  0000004704  00000000
00001264  0000004708  00ffff00                                           
00001268  0000004712  00000000
0000126c  0000004716  00ffffff                                           
00001270  0000004720  ffff0000
00001274  0000004724  00ffff00                                           
00001278  0000004728  00000000
0000127c  0000004732  00ffff00                                           
00001280  0000004736  00000000
00001284  0000004740  00ffff00                                           
00001288  0000004744  00000000
0000128c  0000004748  00000000                                           
00001290  0000004752  00000000
00001294  0000004756  0000ffff                                           
00001298  0000004760  ffff0000
0000129c  0000004764  00ffff00                                           
000012a0  0000004768  00ffff00
000012a4  0000004772  00ffff00                                           
000012a8  0000004776  00000000
000012ac  0000004780  00ffff00                                           
000012b0  0000004784  00000000
000012b4  0000004788  00ffff00                                           
000012b8  0000004792  ffffff00
000012bc  0000004796  00ffff00                                           
000012c0  0000004800  00ffff00
000012c4  0000004804  0000ffff                                           
000012c8  0000004808  ffff0000
000012cc  0000004812  00000000                                           
000012d0  0000004816  00000000
000012d4  0000004820  00ffff00                                           
000012d8  0000004824  00ffff00
000012dc  0000004828  00ffff00                                           
000012e0  0000004832  00ffff00
000012e4  0000004836  00ffff00                                           
000012e8  0000004840  00ffff00
000012ec  0000004844  00ffffff                                           
000012f0  0000004848  ffffff00
000012f4  0000004852  00ffff00                                           
000012f8  0000004856  00ffff00
000012fc  0000004860  00ffff00                                           
00001300  0000004864  00ffff00
00001304  0000004868  00ffff00                                           
00001308  0000004872  00ffff00
0000130c  0000004876  00000000                                           
00001310  0000004880  00000000
00001314  0000004884  0000ffff                                           
00001318  0000004888  ffff0000
0000131c  0000004892  000000ff                                           
00001320  0000004896  ff000000
00001324  0000004900  000000ff                                           
00001328  0000004904  ff000000
0000132c  0000004908  000000ff                                           
00001330  0000004912  ff000000
00001334  0000004916  000000ff                                           
00001338  0000004920  ff000000
0000133c  0000004924  000000ff                                           
00001340  0000004928  ff000000
00001344  0000004932  0000ffff                                           
00001348  0000004936  ffff0000
0000134c  0000004940  00000000                                           
00001350  0000004944  00000000
00001354  0000004948  000000ff                                           
00001358  0000004952  ffffff00
0000135c  0000004956  00000000                                           
00001360  0000004960  ffff0000
00001364  0000004964  00000000                                           
00001368  0000004968  ffff0000
0000136c  0000004972  00000000                                           
00001370  0000004976  ffff0000
00001374  0000004980  00ffff00                                           
00001378  0000004984  ffff0000
0000137c  0000004988  00ffff00                                           
00001380  0000004992  ffff0000
00001384  0000004996  0000ffff                                           
00001388  0000005000  ff000000
0000138c  0000005004  00000000                                           
00001390  0000005008  00000000
00001394  0000005012  00ffff00                                           
00001398  0000005016  00ffff00
0000139c  0000005020  00ffff00                                           
000013a0  0000005024  ffff0000
000013a4  0000005028  00ffffff                                           
000013a8  0000005032  ff000000
000013ac  0000005036  00ffffff                                           
000013b0  0000005040  00000000
000013b4  0000005044  00ffffff                                           
000013b8  0000005048  ff000000
000013bc  0000005052  00ffff00                                           
000013c0  0000005056  ffff0000
000013c4  0000005060  00ffff00                                           
000013c8  0000005064  00ffff00
000013cc  0000005068  00000000                                           
000013d0  0000005072  00000000
000013d4  0000005076  00ffff00                                           
000013d8  0000005080  00000000
000013dc  0000005084  00ffff00                                           
000013e0  0000005088  00000000
000013e4  0000005092  00ffff00                                           
000013e8  0000005096  00000000
000013ec  0000005100  00ffff00                                           
000013f0  0000005104  00000000
000013f4  0000005108  00ffff00                                           
000013f8  0000005112  00000000
000013fc  0000005116  00ffff00                                           
00001400  0000005120  00000000
00001404  0000005124  00ffffff                                           
00001408  0000005128  ffffff00
0000140c  0000005132  00000000                                           
00001410  0000005136  00000000
00001414  0000005140  00ffff00                                           
00001418  0000005144  0000ffff
0000141c  0000005148  00ffffff                                           
00001420  0000005152  00ffffff
00001424  0000005156  00ffffff                                           
00001428  0000005160  ffffffff
0000142c  0000005164  00ffff00                                           
00001430  0000005168  ff00ffff
00001434  0000005172  00ffff00                                           
00001438  0000005176  0000ffff
0000143c  0000005180  00ffff00                                           
00001440  0000005184  0000ffff
00001444  0000005188  00ffff00                                           
00001448  0000005192  0000ffff
0000144c  0000005196  00000000                                           
00001450  0000005200  00000000
00001454  0000005204  00ffff00                                           
00001458  0000005208  0000ffff
0000145c  0000005212  00ffffff                                           
00001460  0000005216  0000ffff
00001464  0000005220  00ffffff                                           
00001468  0000005224  ff00ffff
0000146c  0000005228  00ffff00                                           
00001470  0000005232  ffffffff
00001474  0000005236  00ffff00                                           
00001478  0000005240  00ffffff
0000147c  0000005244  00ffff00                                           
00001480  0000005248  0000ffff
00001484  0000005252  00ffff00                                           
00001488  0000005256  0000ffff
0000148c  0000005260  00000000                                           
00001490  0000005264  00000000
00001494  0000005268  0000ffff                                           
00001498  0000005272  ffff0000
0000149c  0000005276  00ffff00                                           
000014a0  0000005280  00ffff00
000014a4  0000005284  00ffff00                                           
000014a8  0000005288  00ffff00
000014ac  0000005292  00ffff00                                           
000014b0  0000005296  00ffff00
000014b4  0000005300  00ffff00                                           
000014b8  0000005304  00ffff00
000014bc  0000005308  00ffff00                                           
000014c0  0000005312  00ffff00
000014c4  0000005316  0000ffff                                           
000014c8  0000005320  ffff0000
000014cc  0000005324  00000000                                           
000014d0  0000005328  00000000
000014d4  0000005332  00ffffff                                           
000014d8  0000005336  ffff0000
000014dc  0000005340  00ffff00                                           
000014e0  0000005344  00ffff00
000014e4  0000005348  00ffff00                                           
000014e8  0000005352  00ffff00
000014ec  0000005356  00ffff00                                           
000014f0  0000005360  00ffff00
000014f4  0000005364  00ffffff                                           
000014f8  0000005368  ffff0000
000014fc  0000005372  00ffff00                                           
00001500  0000005376  00000000
00001504  0000005380  00ffff00                                           
00001508  0000005384  00000000
0000150c  0000005388  00000000                                           
00001510  0000005392  00000000
00001514  0000005396  0000ffff                                           
00001518  0000005400  ffff0000
0000151c  0000005404  00ffff00                                           
00001520  0000005408  00ffff00
00001524  0000005412  00ffff00                                           
00001528  0000005416  00ffff00
0000152c  0000005420  00ffff00                                           
00001530  0000005424  00ffff00
00001534  0000005428  00ffff00                                           
00001538  0000005432  ffffff00
0000153c  0000005436  0000ffff                                           
00001540  0000005440  ffff0000
00001544  0000005444  00000000                                           
00001548  0000005448  00ffff00
0000154c  0000005452  00000000                                           
00001550  0000005456  00000000
00001554  0000005460  00ffffff                                           
00001558  0000005464  ffff0000
0000155c  0000005468  00ffff00                                           
00001560  0000005472  00ffff00
00001564  0000005476  00ffff00                                           
00001568  0000005480  00ffff00
0000156c  0000005484  00ffffff                                           
00001570  0000005488  ffff0000
00001574  0000005492  00ffffff                                           
00001578  0000005496  ff000000
0000157c  0000005500  00ffff00                                           
00001580  0000005504  ffff0000
00001584  0000005508  00ffff00                                           
00001588  0000005512  00ffff00
0000158c  0000005516  00000000                                           
00001590  0000005520  00000000
00001594  0000005524  0000ffff                                           
00001598  0000005528  ffff0000
0000159c  0000005532  00ffff00                                           
000015a0  0000005536  00ffff00
000015a4  0000005540  00ffff00                                           
000015a8  0000005544  00000000
000015ac  0000005548  0000ffff                                           
000015b0  0000005552  ffff0000
000015b4  0000005556  00000000                                           
000015b8  0000005560  00ffff00
000015bc  0000005564  00ffff00                                           
000015c0  0000005568  00ffff00
000015c4  0000005572  0000ffff                                           
000015c8  0000005576  ffff0000
000015cc  0000005580  00000000                                           
000015d0  0000005584  00000000
000015d4  0000005588  00ffffff                                           
000015d8  0000005592  ffffff00
000015dc  0000005596  00ffffff                                           
000015e0  0000005600  ffffff00
000015e4  0000005604  000000ff                                           
000015e8  0000005608  ff000000
000015ec  0000005612  000000ff                                           
000015f0  0000005616  ff000000
000015f4  0000005620  000000ff                                           
000015f8  0000005624  ff000000
000015fc  0000005628  000000ff                                           
00001600  0000005632  ff000000
00001604  0000005636  000000ff                                           
00001608  0000005640  ff000000
0000160c  0000005644  00000000                                           
00001610  0000005648  00000000
00001614  0000005652  00ffff00                                           
00001618  0000005656  00ffff00
0000161c  0000005660  00ffff00                                           
00001620  0000005664  00ffff00
00001624  0000005668  00ffff00                                           
00001628  0000005672  00ffff00
0000162c  0000005676  00ffff00                                           
00001630  0000005680  00ffff00
00001634  0000005684  00ffff00                                           
00001638  0000005688  00ffff00
0000163c  0000005692  00ffff00                                           
00001640  0000005696  00ffff00
00001644  0000005700  0000ffff                                           
00001648  0000005704  ffffff00
0000164c  0000005708  00000000                                           
00001650  0000005712  00000000
00001654  0000005716  00ffff00                                           
00001658  0000005720  00ffff00
0000165c  0000005724  00ffff00                                           
00001660  0000005728  00ffff00
00001664  0000005732  00ffff00                                           
00001668  0000005736  00ffff00
0000166c  0000005740  00ffff00                                           
00001670  0000005744  00ffff00
00001674  0000005748  00ffff00                                           
00001678  0000005752  00ffff00
0000167c  0000005756  0000ffff                                           
00001680  0000005760  ffff0000
00001684  0000005764  000000ff                                           
00001688  0000005768  ff000000
0000168c  0000005772  00000000                                           
00001690  0000005776  00000000
00001694  0000005780  00ffff00                                           
00001698  0000005784  0000ffff
0000169c  0000005788  00ffff00                                           
000016a0  0000005792  0000ffff
000016a4  0000005796  00ffff00                                           
000016a8  0000005800  0000ffff
000016ac  0000005804  00ffff00                                           
000016b0  0000005808  ff00ffff
000016b4  0000005812  00ffffff                                           
000016b8  0000005816  ffffffff
000016bc  0000005820  00ffffff                                           
000016c0  0000005824  00ffffff
000016c4  0000005828  00ffff00                                           
000016c8  0000005832  0000ffff
000016cc  0000005836  00000000                                           
000016d0  0000005840  00000000
000016d4  0000005844  00ffff00                                           
000016d8  0000005848  0000ffff
000016dc  0000005852  00ffff00                                           
000016e0  0000005856  0000ffff
000016e4  0000005860  0000ffff                                           
000016e8  0000005864  00ffff00
000016ec  0000005868  000000ff                                           
000016f0  0000005872  ffff0000
000016f4  0000005876  0000ffff                                           
000016f8  0000005880  00ffff00
000016fc  0000005884  00ffff00                                           
00001700  0000005888  0000ffff
00001704  0000005892  00ffff00                                           
00001708  0000005896  0000ffff
0000170c  0000005900  00000000                                           
00001710  0000005904  00000000
00001714  0000005908  00ffff00                                           
00001718  0000005912  00ffff00
0000171c  0000005916  00ffff00                                           
00001720  0000005920  00ffff00
00001724  0000005924  00ffff00                                           
00001728  0000005928  00ffff00
0000172c  0000005932  0000ffff                                           
00001730  0000005936  ffff0000
00001734  0000005940  000000ff                                           
00001738  0000005944  ff000000
0000173c  0000005948  000000ff                                           
00001740  0000005952  ff000000
00001744  0000005956  000000ff                                           
00001748  0000005960  ff000000
0000174c  0000005964  00000000                                           
00001750  0000005968  00000000
00001754  0000005972  00ffffff                                           
00001758  0000005976  ffffff00
0000175c  0000005980  00000000                                           
00001760  0000005984  00ffff00
00001764  0000005988  00000000                                           
00001768  0000005992  ffff0000
0000176c  0000005996  000000ff                                           
00001770  0000006000  ff000000
00001774  0000006004  0000ffff                                           
00001778  0000006008  00000000
0000177c  0000006012  00ffff00                                           
00001780  0000006016  00000000
00001784  0000006020  00ffffff                                           
00001788  0000006024  ffffff00
0000178c  0000006028  00000000                                           
00001790  0000006032  00000000
00001794  0000006036  000000ff                                           
00001798  0000006040  ffffff00
0000179c  0000006044  000000ff                                           
000017a0  0000006048  ff000000
000017a4  0000006052  000000ff                                           
000017a8  0000006056  ff000000
000017ac  0000006060  000000ff                                           
000017b0  0000006064  ff000000
000017b4  0000006068  000000ff                                           
000017b8  0000006072  ff000000
000017bc  0000006076  000000ff                                           
000017c0  0000006080  ff000000
000017c4  0000006084  000000ff                                           
000017c8  0000006088  ffffff00
000017cc  0000006092  00000000                                           
000017d0  0000006096  00000000
000017d4  0000006100  00000000                                           
000017d8  0000006104  00000000
000017dc  0000006108  00ffff00                                           
000017e0  0000006112  00000000
000017e4  0000006116  0000ffff                                           
000017e8  0000006120  00000000
000017ec  0000006124  000000ff                                           
000017f0  0000006128  ff000000
000017f4  0000006132  00000000                                           
000017f8  0000006136  ffff0000
000017fc  0000006140  00000000                                           
00001800  0000006144  00ffff00
00001804  0000006148  00000000                                           
00001808  0000006152  00000000
0000180c  0000006156  00000000                                           
00001810  0000006160  00000000
00001814  0000006164  00ffffff                                           
00001818  0000006168  ff000000
0000181c  0000006172  000000ff                                           
00001820  0000006176  ff000000
00001824  0000006180  000000ff                                           
00001828  0000006184  ff000000
0000182c  0000006188  000000ff                                           
00001830  0000006192  ff000000
00001834  0000006196  000000ff                                           
00001838  0000006200  ff000000
0000183c  0000006204  000000ff                                           
00001840  0000006208  ff000000
00001844  0000006212  00ffffff                                           
00001848  0000006216  ff000000
0000184c  0000006220  00000000                                           
00001850  0000006224  00000000
00001854  0000006228  00000000                                           
00001858  0000006232  ff000000
0000185c  0000006236  000000ff                                           
00001860  0000006240  00ff0000
00001864  0000006244  0000ff00                                           
00001868  0000006248  0000ff00
0000186c  0000006252  00ff0000                                           
00001870  0000006256  000000ff
00001874  0000006260  00000000                                           
00001878  0000006264  00000000
0000187c  0000006268  00000000                                           
00001880  0000006272  00000000
00001884  0000006276  00000000                                           
00001888  0000006280  00000000
0000188c  0000006284  00000000                                           
00001890  0000006288  00000000
00001894  0000006292  00000000                                           
00001898  0000006296  00000000
0000189c  0000006300  00000000                                           
000018a0  0000006304  00000000
000018a4  0000006308  00000000                                           
000018a8  0000006312  00000000
000018ac  0000006316  00000000                                           
000018b0  0000006320  00000000
000018b4  0000006324  00000000                                           
000018b8  0000006328  00000000
000018bc  0000006332  00000000                                           
000018c0  0000006336  00000000
000018c4  0000006340  00ffffff                                           
000018c8  0000006344  ffffffff
000018cc  0000006348  00000000                                           
000018d0  0000006352  00000000
000018d4  0000006356  00000000                                           
000018d8  0000006360  00000000
000018dc  0000006364  00000000                                           
000018e0  0000006368  00000000
000018e4  0000006372            __end_libfnt_data:                             
000018e8  0000006376  c600abb8  Loop:         ld %r2, [3000], %r3        ! Load next char into r3
000018ec  0000006380  8680e000                addcc %r3, 0, %r3          
000018f0  0000006384  02800009                be 9                       ! Stop if null.
000018f4  0000006388  a0100003                or %r0, %r3, %r16          
000018f8  0000006392  a2100004                or %r0, %r4, %r17          
000018fc  0000006396  a4102001                or %r0, 1, %r18            
00001900  0000006400  a61020ff                or %r0, 255, %r19          
00001904  0000006404  7ffffbcd                call -1075                 
                                                                         !call putc
00001908  0000006408  8400a004                add %r2, 4, %r2            ! Increment string offset (r2)
0000190c  0000006412  88012001                add %r4, 1, %r4            
00001910  0000006416  10bffff6                ba -10                     
00001914  0000006420  ffffffff  End:          halt                       
                                              .org 3000                  
00000bb8  0000003000  00000020  str:                                     
00000bbc  0000003004  00000057
00000bc0  0000003008  0000004f
00000bc4  0000003012  00000055
00000bc8  0000003016  0000004c
00000bcc  0000003020  00000044
00000bd0  0000003024  00000020
00000bd4  0000003028  00000059
00000bd8  0000003032  0000004f
00000bdc  0000003036  00000055
00000be0  0000003040  00000020
00000be4  0000003044  0000004c
00000be8  0000003048  00000049
00000bec  0000003052  0000004b
00000bf0  0000003056  00000045
00000bf4  0000003060  00000020
00000bf8  0000003064  00000054
00000bfc  0000003068  0000004f
00000c00  0000003072  00000020
00000c04  0000003076  00000050
00000c08  0000003080  0000004c
00000c0c  0000003084  00000041
00000c10  0000003088  00000059
00000c14  0000003092  00000020                                           
00000c18  0000003096  00000041
00000c1c  0000003100  00000020
00000c20  0000003104  00000047
00000c24  0000003108  00000041
00000c28  0000003112  0000004d
00000c2c  0000003116  00000045
00000c30  0000003120  0000003f
00000c34  0000003124  00000000                                           

--- Symbol Table ---
lff_done: 2212
__end_libdev_data: 2060
MEM_IO: 2052
V_CMD: 242
fntfont: 2252
libfntfnt: 2104
lff_nexty: 2136
Loop: 6376
_V_CMD0: 242
_V_ADDR_Y0: 248
_V_COLOR0: 241
_MEM_IO0: 2056
_COUT0: 0
lff_loop: 2156
SCREENW: 320
_COSTAT0: 4
COSTAT: 4
End: 6420
libfnt_data: 2100
V_ADDR_Y: 248
V_ADDR_X: 244
str: 3000
libcon_data: 2064
__end_libfnt_data: 6372
_SCREENH0: 240
SCREENH: 240
putc: 2068
_V_ADDR_X0: 244
libdev_data: 2048
COUT: 0
_SCREENW0: 320
V_COLOR: 241
__end_libcon_data: 2096
